This is LuaHBTeX, Version 1.17.0 (MiKTeX 23.10) (format=lualatex 2023.11.7)  17 DEC 2023 20:54
 restricted system commands enabled.
**main.tex
(./main.tex
LaTeX2e <2023-06-01> patch level 1
L3 programming layer <2023-08-29>
Lua module: luaotfload 2023-08-31 3.26 Lua based OpenType font support
Lua module: lualibs 2023-07-13 2.76 ConTeXt Lua standard libraries.
Lua module: lualibs-extended 2023-07-13 2.76 ConTeXt Lua libraries -- extended c
ollection.
luaotfload | conf : Root cache directory is "C:/Users/Νίκος/AppData/Local/M
iKTeX/luatex-cache/generic/names".
luaotfload | init : Loading fontloader "fontloader-2023-08-19.lua" from kpse-res
olved path "C:/Users/Νίκος/AppData/Local/Programs/MiKTeX/tex/luatex/luaotfl
oad/fontloader-2023-08-19.lua".
Lua-only attribute luaotfload@noligature = 1
luaotfload | init : Context OpenType loader version 3.133
Inserting `luaotfload.node_processor' in `pre_linebreak_filter'.
Inserting `luaotfload.node_processor' in `hpack_filter'.
Inserting `luaotfload.glyph_stream' in `glyph_stream_provider'.
Inserting `luaotfload.define_font' in `define_font'.
Lua-only attribute luaotfload_color_attribute = 2
luaotfload | conf : Root cache directory is "C:/Users/Νίκος/AppData/Local/M
iKTeX/luatex-cache/generic/names".
Inserting `luaotfload.harf.strip_prefix' in `find_opentype_file'.
Inserting `luaotfload.harf.strip_prefix' in `find_truetype_file'.
Removing  `luaotfload.glyph_stream' from `glyph_stream_provider'.
Inserting `luaotfload.harf.glyphstream' in `glyph_stream_provider'.
Inserting `luaotfload.harf.finalize_vlist' in `post_linebreak_filter'.
Inserting `luaotfload.harf.finalize_hlist' in `hpack_filter'.
Inserting `luaotfload.cleanup_files' in `wrapup_run'.
Inserting `luaotfload.harf.finalize_unicode' in `finish_pdffile'.
Inserting `luaotfload.glyphinfo' in `glyph_info'.
Lua-only attribute luaotfload.letterspace_done = 3
Inserting `luaotfload.aux.set_sscale_dimens' in `luaotfload.patch_font'.
Inserting `luaotfload.aux.set_font_index' in `luaotfload.patch_font'.
Inserting `luaotfload.aux.patch_cambria_domh' in `luaotfload.patch_font'.
Inserting `luaotfload.aux.fixup_fontdata' in `luaotfload.patch_font_unsafe'.
Inserting `luaotfload.aux.set_capheight' in `luaotfload.patch_font'.
Inserting `luaotfload.aux.set_xheight' in `luaotfload.patch_font'.
Inserting `luaotfload.rewrite_fontname' in `luaotfload.patch_font'.
Inserting `tracingstacklevels' in `input_level_string'. (./preamble.tex
(C:/Users/Νίκος/AppData/Local/Programs/MiKTeX/tex/latex/base/report.cls
Document Class: report 2023/05/17 v1.4n Standard LaTeX document class
(C:/Users/Νίκος/AppData/Local/Programs/MiKTeX/tex/latex/base/size10.clo
File: size10.clo 2023/05/17 v1.4n Standard LaTeX file (size option)
luaotfload | db : Font names database loaded from C:/Users/Νίκος/AppData/Lo
cal/MiKTeX/luatex-cache/generic/names/luaotfload-names.luc.gz)
\c@part=\count183
\c@chapter=\count184
\c@section=\count185
\c@subsection=\count186
\c@subsubsection=\count187
\c@paragraph=\count188
\c@subparagraph=\count189
\c@figure=\count190
\c@table=\count191
\abovecaptionskip=\skip48
\belowcaptionskip=\skip49
\bibindent=\dimen139
)
(C:/Users/Νίκος/AppData/Local/Programs/MiKTeX/tex/latex/geometry/geometry.
sty
Package: geometry 2020/01/02 v5.9 Page Geometry

(C:/Users/Νίκος/AppData/Local/Programs/MiKTeX/tex/latex/graphics/keyval.st
y
Package: keyval 2022/05/29 v1.15 key=value parser (DPC)
\KV@toks@=\toks17
)
(C:/Users/Νίκος/AppData/Local/Programs/MiKTeX/tex/generic/iftex/ifvtex.sty
Package: ifvtex 2019/10/25 v1.7 ifvtex legacy package. Use iftex instead.
(C:/Users/Νίκος/AppData/Local/Programs/MiKTeX/tex/generic/iftex/iftex.sty
Package: iftex 2022/02/03 v1.0f TeX engine tests
))
\Gm@cnth=\count192
\Gm@cntv=\count193
\c@Gm@tempcnt=\count194
\Gm@bindingoffset=\dimen140
\Gm@wd@mp=\dimen141
\Gm@odd@mp=\dimen142
\Gm@even@mp=\dimen143
\Gm@layoutwidth=\dimen144
\Gm@layoutheight=\dimen145
\Gm@layouthoffset=\dimen146
\Gm@layoutvoffset=\dimen147
\Gm@dimlist=\toks18

(C:/Users/Νίκος/AppData/Local/Programs/MiKTeX/tex/latex/geometry/geometry.
cfg))
(C:/Users/Νίκος/AppData/Local/Programs/MiKTeX/tex/latex/amsmath/amsmath.st
y
Package: amsmath 2023/05/13 v2.17o AMS math features
\@mathmargin=\skip50

For additional information on amsmath, use the `?' option.

(C:/Users/Νίκος/AppData/Local/Programs/MiKTeX/tex/latex/amsmath/amstext.st
y
Package: amstext 2021/08/26 v2.01 AMS text

(C:/Users/Νίκος/AppData/Local/Programs/MiKTeX/tex/latex/amsmath/amsgen.sty
File: amsgen.sty 1999/11/30 v2.0 generic functions
\@emptytoks=\toks19
\ex@=\dimen148
))
(C:/Users/Νίκος/AppData/Local/Programs/MiKTeX/tex/latex/amsmath/amsbsy.sty
Package: amsbsy 1999/11/29 v1.2d Bold Symbols
\pmbraise@=\dimen149
)
(C:/Users/Νίκος/AppData/Local/Programs/MiKTeX/tex/latex/amsmath/amsopn.sty
Package: amsopn 2022/04/08 v2.04 operator names
)
\inf@bad=\count195
LaTeX Info: Redefining \frac on input line 236.
\uproot@=\count196
\leftroot@=\count197
LaTeX Info: Redefining \overline on input line 399.
LaTeX Info: Redefining \colon on input line 410.
\classnum@=\count198
\DOTSCASE@=\count199
LaTeX Info: Redefining \ldots on input line 496.
LaTeX Info: Redefining \dots on input line 499.
LaTeX Info: Redefining \cdots on input line 620.
\Mathstrutbox@=\box51
\strutbox@=\box52
LaTeX Info: Redefining \big on input line 722.
LaTeX Info: Redefining \Big on input line 723.
LaTeX Info: Redefining \bigg on input line 724.
LaTeX Info: Redefining \Bigg on input line 725.
\big@size=\dimen150
LaTeX Font Info:    Redeclaring font encoding OML on input line 743.
LaTeX Font Info:    Redeclaring font encoding OMS on input line 744.
\macc@depth=\count266
LaTeX Info: Redefining \bmod on input line 905.
LaTeX Info: Redefining \pmod on input line 910.
LaTeX Info: Redefining \smash on input line 940.
LaTeX Info: Redefining \relbar on input line 970.
LaTeX Info: Redefining \Relbar on input line 971.
\c@MaxMatrixCols=\count267
\dotsspace@=\muskip16
\c@parentequation=\count268
\dspbrk@lvl=\count269
\tag@help=\toks20
\row@=\count270
\column@=\count271
\maxfields@=\count272
\andhelp@=\toks21
\eqnshift@=\dimen151
\alignsep@=\dimen152
\tagshift@=\dimen153
\tagwidth@=\dimen154
\totwidth@=\dimen155
\lineht@=\dimen156
\@envbody=\toks22
\multlinegap=\skip51
\multlinetaggap=\skip52
\mathdisplay@stack=\toks23
LaTeX Info: Redefining \[ on input line 2953.
LaTeX Info: Redefining \] on input line 2954.
)
(C:/Users/Νίκος/AppData/Local/Programs/MiKTeX/tex/latex/amsfonts/amsfonts.
sty
Package: amsfonts 2013/01/14 v3.01 Basic AMSFonts support
\symAMSa=\mathgroup4
\symAMSb=\mathgroup5
LaTeX Font Info:    Redeclaring math symbol \hbar on input line 98.
LaTeX Font Info:    Overwriting math alphabet `\mathfrak' in version `bold'
(Font)                  U/euf/m/n --> U/euf/b/n on input line 106.
)
(C:/Users/Νίκος/AppData/Local/Programs/MiKTeX/tex/latex/amsfonts/amssymb.s
ty
Package: amssymb 2013/01/14 v3.01 AMS font symbols
)
(C:/Users/Νίκος/AppData/Local/Programs/MiKTeX/tex/latex/mathtools/mathtool
s.sty
Package: mathtools 2022/06/29 v1.29 mathematical typesetting tools

(C:/Users/Νίκος/AppData/Local/Programs/MiKTeX/tex/latex/tools/calc.sty
Package: calc 2017/05/25 v4.3 Infix arithmetic (KKT,FJ)
\calc@Acount=\count273
\calc@Bcount=\count274
\calc@Adimen=\dimen157
\calc@Bdimen=\dimen158
\calc@Askip=\skip53
\calc@Bskip=\skip54
LaTeX Info: Redefining \setlength on input line 80.
LaTeX Info: Redefining \addtolength on input line 81.
\calc@Ccount=\count275
\calc@Cskip=\skip55
)
(C:/Users/Νίκος/AppData/Local/Programs/MiKTeX/tex/latex/mathtools/mhsetup.
sty
Package: mhsetup 2021/03/18 v1.4 programming setup (MH)
)
\g_MT_multlinerow_int=\count276
\l_MT_multwidth_dim=\dimen159
\origjot=\skip56
\l_MT_shortvdotswithinadjustabove_dim=\dimen160
\l_MT_shortvdotswithinadjustbelow_dim=\dimen161
\l_MT_above_intertext_sep=\dimen162
\l_MT_below_intertext_sep=\dimen163
\l_MT_above_shortintertext_sep=\dimen164
\l_MT_below_shortintertext_sep=\dimen165
\xmathstrut@box=\box53
\xmathstrut@dim=\dimen166
)
(C:/Users/Νίκος/AppData/Local/Programs/MiKTeX/tex/latex/l3packages/xfrac/x
frac.sty
(C:/Users/Νίκος/AppData/Local/Programs/MiKTeX/tex/latex/l3kernel/expl3.sty
Package: expl3 2023-08-29 L3 programming layer (loader) 

(C:/Users/Νίκος/AppData/Local/Programs/MiKTeX/tex/latex/l3backend/l3backen
d-luatex.def
File: l3backend-luatex.def 2023-04-19 L3 backend support: PDF output (LuaTeX)
\l__color_backend_stack_int=\count277
Inserting `l3color' in `luaotfload.parse_color'.
\l__pdf_internal_box=\box54
))
(C:/Users/Νίκος/AppData/Local/Programs/MiKTeX/tex/latex/graphics/graphicx.
sty
Package: graphicx 2021/09/16 v1.2d Enhanced LaTeX Graphics (DPC,SPQR)

(C:/Users/Νίκος/AppData/Local/Programs/MiKTeX/tex/latex/graphics/graphics.
sty
Package: graphics 2022/03/10 v1.4e Standard LaTeX Graphics (DPC,SPQR)

(C:/Users/Νίκος/AppData/Local/Programs/MiKTeX/tex/latex/graphics/trig.sty
Package: trig 2021/08/11 v1.11 sin cos tan (DPC)
)
(C:/Users/Νίκος/AppData/Local/Programs/MiKTeX/tex/latex/graphics-cfg/graph
ics.cfg
File: graphics.cfg 2016/06/04 v1.11 sample graphics configuration
)
Package graphics Info: Driver file: luatex.def on input line 107.

(C:/Users/Νίκος/AppData/Local/Programs/MiKTeX/tex/latex/graphics-def/luate
x.def
File: luatex.def 2022/09/22 v1.2d Graphics/color driver for luatex
))
\Gin@req@height=\dimen167
\Gin@req@width=\dimen168
)
(C:/Users/Νίκος/AppData/Local/Programs/MiKTeX/tex/latex/l3packages/l3keys2
e/l3keys2e.sty
Package: l3keys2e 2023-08-29 LaTeX2e option processing using LaTeX3 keys
)
(C:/Users/Νίκος/AppData/Local/Programs/MiKTeX/tex/latex/base/textcomp.sty
Package: textcomp 2020/02/02 v2.0n Standard LaTeX package
)
(C:/Users/Νίκος/AppData/Local/Programs/MiKTeX/tex/latex/l3packages/xparse/
xparse.sty
Package: xparse 2023-08-29 L3 Experimental document command parser
)
(C:/Users/Νίκος/AppData/Local/Programs/MiKTeX/tex/latex/l3packages/xtempla
te/xtemplate.sty
Package: xtemplate 2023-08-29 L3 Experimental prototype document functions
\l__xtemplate_tmp_dim=\dimen169
\l__xtemplate_tmp_int=\count278
\l__xtemplate_tmp_muskip=\muskip17
\l__xtemplate_tmp_skip=\skip57
)
Package: xfrac 2023-08-29 L3 Experimental split-level fractions
\l__xfrac_slash_box=\box55
\l__xfrac_tmp_box=\box56
\l__xfrac_denominator_bot_sep_dim=\dimen170
\l__xfrac_numerator_bot_sep_dim=\dimen171
\l__xfrac_numerator_top_sep_dim=\dimen172
\l__xfrac_slash_left_sep_dim=\dimen173
\l__xfrac_slash_right_sep_dim=\dimen174
\l__xfrac_slash_left_muskip=\muskip18
\l__xfrac_slash_right_muskip=\muskip19

Package xtemplate Info: Declaring object type 'xfrac' taking 3 argument(s) on
(xtemplate)             line 80.

)
(C:/Users/Νίκος/AppData/Local/Programs/MiKTeX/tex/latex/siunitx/siunitx.st
y
Package: siunitx 2023-10-07 v3.3.7 A comprehensive (SI) units package
\l__siunitx_number_uncert_offset_int=\count279
\l__siunitx_number_exponent_fixed_int=\count280
\l__siunitx_number_min_decimal_int=\count281
\l__siunitx_number_min_integer_int=\count282
\l__siunitx_number_round_precision_int=\count283
\l__siunitx_number_lower_threshold_int=\count284
\l__siunitx_number_upper_threshold_int=\count285
\l__siunitx_number_group_first_int=\count286
\l__siunitx_number_group_size_int=\count287
\l__siunitx_number_group_minimum_int=\count288
\l__siunitx_angle_tmp_dim=\dimen175
\l__siunitx_angle_marker_box=\box57
\l__siunitx_angle_unit_box=\box58
\l__siunitx_compound_count_int=\count289

(C:/Users/Νίκος/AppData/Local/Programs/MiKTeX/tex/latex/translations/trans
lations.sty
Package: translations 2022/02/05 v1.12 internationalization of LaTeX2e packages
 (CN)

(C:/Users/Νίκος/AppData/Local/Programs/MiKTeX/tex/latex/etoolbox/etoolbox.
sty
Package: etoolbox 2020/10/05 v2.5k e-TeX tools for LaTeX (JAW)
\etb@tempcnta=\count290
)
(C:/Users/Νίκος/AppData/Local/Programs/MiKTeX/tex/generic/pdftexcmds/pdfte
xcmds.sty
Package: pdftexcmds 2020-06-27 v0.33 Utility functions of pdfTeX for LuaTeX (HO
)

(C:/Users/Νίκος/AppData/Local/Programs/MiKTeX/tex/generic/infwarerr/infwar
err.sty
Package: infwarerr 2019/12/03 v1.5 Providing info/warning/error messages (HO)
)
(C:/Users/Νίκος/AppData/Local/Programs/MiKTeX/tex/generic/ltxcmds/ltxcmds.
sty
Package: ltxcmds 2020-05-10 v1.25 LaTeX kernel commands for general use (HO)
)
Package pdftexcmds Info: \pdf@primitive is available.
Package pdftexcmds Info: \pdf@ifprimitive is available.
Package pdftexcmds Info: \pdfdraftmode found.
\pdftexcmds@toks=\toks24
))
\l__siunitx_table_tmp_box=\box59
\l__siunitx_table_tmp_dim=\dimen176
\l__siunitx_table_column_width_dim=\dimen177
\l__siunitx_table_integer_box=\box60
\l__siunitx_table_decimal_box=\box61
\l__siunitx_table_uncert_box=\box62
\l__siunitx_table_before_box=\box63
\l__siunitx_table_after_box=\box64
\l__siunitx_table_before_dim=\dimen178
\l__siunitx_table_carry_dim=\dimen179
\l__siunitx_unit_tmp_int=\count291
\l__siunitx_unit_position_int=\count292
\l__siunitx_unit_total_int=\count293

(C:/Users/Νίκος/AppData/Local/Programs/MiKTeX/tex/latex/tools/array.sty
Package: array 2022/09/04 v2.5g Tabular extension package (FMi)
\col@sep=\dimen180
\ar@mcellbox=\box65
\extrarowheight=\dimen181
\NC@list=\toks25
\extratabsurround=\skip58
\backup@length=\skip59
\ar@cellbox=\box66
))
(C:/Users/Νίκος/AppData/Local/Programs/MiKTeX/tex/latex/enumitem/enumitem.
sty
Package: enumitem 2019/06/20 v3.9 Customized lists
\labelindent=\skip60
\enit@outerparindent=\dimen182
\enit@toks=\toks26
\enit@inbox=\box67
\enit@count@id=\count294
\enitdp@description=\count295
)
(C:/Users/Νίκος/AppData/Local/Programs/MiKTeX/tex/latex/fancyhdr/fancyhdr.
sty
Package: fancyhdr 2022/11/09 v4.1 Extensive control of page headers and footers

\f@nch@headwidth=\skip61
\f@nch@O@elh=\skip62
\f@nch@O@erh=\skip63
\f@nch@O@olh=\skip64
\f@nch@O@orh=\skip65
\f@nch@O@elf=\skip66
\f@nch@O@erf=\skip67
\f@nch@O@olf=\skip68
\f@nch@O@orf=\skip69
)
(C:/Users/Νίκος/AppData/Local/Programs/MiKTeX/tex/latex/float/float.sty
Package: float 2001/11/08 v1.3d Float enhancements (AL)
\c@float@type=\count296
\float@exts=\toks27
\float@box=\box68
\@float@everytoks=\toks28
\@floatcapt=\box69
)
(C:/Users/Νίκος/AppData/Local/Programs/MiKTeX/tex/latex/newfloat/newfloat.
sty
Package: newfloat 2023/10/01 v1.2 Defining new floating environments (AR)
Package newfloat Info: Document class `report' detected (original).
)
(C:/Users/Νίκος/AppData/Local/Programs/MiKTeX/tex/latex/tools/tabularx.sty
Package: tabularx 2020/01/15 v2.11c `tabularx' package (DPC)
\TX@col@width=\dimen183
\TX@old@table=\dimen184
\TX@old@col=\dimen185
\TX@target=\dimen186
\TX@delta=\dimen187
\TX@cols=\count297
\TX@ftn=\toks29
)
(C:/Users/Νίκος/AppData/Local/Programs/MiKTeX/tex/latex/tools/longtable.st
y
Package: longtable 2021-09-01 v4.17 Multi-page Table package (DPC)
\LTleft=\skip70
\LTright=\skip71
\LTpre=\skip72
\LTpost=\skip73
\LTchunksize=\count298
\LTcapwidth=\dimen188
\LT@head=\box70
\LT@firsthead=\box71
\LT@foot=\box72
\LT@lastfoot=\box73
\LT@gbox=\box74
\LT@cols=\count299
\LT@rows=\count300
\c@LT@tables=\count301
\c@LT@chunks=\count302
\LT@p@ftn=\toks30
)
(C:/Users/Νίκος/AppData/Local/Programs/MiKTeX/tex/latex/multirow/multirow.
sty
Package: multirow 2021/03/15 v2.8 Span multiple rows of a table
\multirow@colwidth=\skip74
\multirow@cntb=\count303
\multirow@dima=\skip75
\bigstrutjot=\dimen189
)
(C:/Users/Νίκος/AppData/Local/Programs/MiKTeX/tex/latex/subfigure/subfigur
e.sty
Package: subfigure 2002/07/30 v2.1.4 subfigure package
\subfigtopskip=\skip76
\subfigcapskip=\skip77
\subfigcaptopadj=\dimen190
\subfigbottomskip=\skip78
\subfigcapmargin=\dimen191
\subfiglabelskip=\skip79
\c@subfigure=\count304
\c@lofdepth=\count305
\c@subtable=\count306
\c@lotdepth=\count307

****************************************
* Local config file subfigure.cfg used *
****************************************

(C:/Users/Νίκος/AppData/Local/Programs/MiKTeX/tex/latex/subfigure/subfigur
e.cfg)
\subfig@top=\skip80
\subfig@bottom=\skip81
)
(C:/Users/Νίκος/AppData/Local/Programs/MiKTeX/tex/latex/caption/caption.st
y
Package: caption 2023/08/05 v3.6o Customizing captions (AR)

(C:/Users/Νίκος/AppData/Local/Programs/MiKTeX/tex/latex/caption/caption3.s
ty
Package: caption3 2023/07/31 v2.4d caption3 kernel (AR)
\caption@tempdima=\dimen192
\captionmargin=\dimen193
\caption@leftmargin=\dimen194
\caption@rightmargin=\dimen195
\caption@width=\dimen196
\caption@indent=\dimen197
\caption@parindent=\dimen198
\caption@hangindent=\dimen199
Package caption Info: Standard document class detected.
)
\c@caption@flags=\count308
\c@continuedfloat=\count309
Package caption Info: float package is loaded.
Package caption Info: longtable package is loaded.

(C:/Users/Νίκος/AppData/Local/Programs/MiKTeX/tex/latex/caption/ltcaption.
sty
Package: ltcaption 2021/01/08 v1.4c longtable captions (AR)
)
Package caption Info: subfigure package is loaded.
)
(C:/Users/Νίκος/AppData/Local/Programs/MiKTeX/tex/generic/babel/babel.sty
Package: babel 2023/09/29 v3.95 The Babel package

(C:/Users/Νίκος/AppData/Local/Programs/MiKTeX/tex/generic/babel/luababel.d
ef
\bbl@readstream=\read2
\l@afrikaans=\language2
Package babel Info: Non-standard hyphenation setup on input line 118.
\l@ancientgreek=\language3
\l@armenian=\language4
\l@assamese=\language5
\l@basque=\language6
\l@belarusian=\language7
\l@bengali=\language8
\l@bokmal=\language9
\l@bulgarian=\language10
\l@catalan=\language11
\l@churchslavonic=\language12
\l@classiclatin=\language13
\l@coptic=\language14
\l@croatian=\language15
\l@czech=\language16
\l@danish=\language17
\l@dutch=\language18
\l@esperanto=\language19
\l@estonian=\language20
\l@ethiopic=\language21
\l@finnish=\language22
\l@french=\language23
\l@friulan=\language24
\l@galician=\language25
\l@georgian=\language26
\l@german=\language27
\l@greek=\language28
\l@gujarati=\language29
\l@hindi=\language30
\l@hungarian=\language31
\l@icelandic=\language32
\l@indonesian=\language33
\l@interlingua=\language34
\l@irish=\language35
\l@italian=\language36
\l@kannada=\language37
\l@kurmanji=\language38
\l@latin=\language39
\l@latvian=\language40
\l@lithuanian=\language41
\l@liturgicallatin=\language42
\l@macedonian=\language43
\l@malayalam=\language44
\l@marathi=\language45
\l@mongolian=\language46
\l@mongolianlmc=\language47
\l@monogreek=\language48
\l@ngerman=\language49
\l@nynorsk=\language50
\l@occitan=\language51
\l@oriya=\language52
\l@pali=\language53
\l@panjabi=\language54
\l@piedmontese=\language55
\l@polish=\language56
\l@portuguese=\language57
\l@romanian=\language58
\l@romansh=\language59
\l@russian=\language60
\l@sanskrit=\language61
\l@serbian=\language62
\l@serbianc=\language63
\l@slovak=\language64
\l@slovenian=\language65
\l@spanish=\language66
\l@swedish=\language67
\l@swissgerman=\language68
\l@tamil=\language69
\l@telugu=\language70
\l@thai=\language71
\l@turkish=\language72
\l@turkmen=\language73
\l@ukenglish=\language74
\l@ukrainian=\language75
\l@uppersorbian=\language76
\l@usenglishmax=\language77
\l@welsh=\language78
\babelcatcodetablenum=\catcodetable14
\bbl@pattcodes=\catcodetable15
)
\babel@savecnt=\count310
\U@D=\dimen256
\l@unhyphenated=\language79

(C:/Users/Νίκος/AppData/Local/Programs/MiKTeX/tex/generic/babel/luababel.d
ef
\bbl@attr@locale=\attribute4
)
*************************************
* Local config file bblopts.cfg used
*
(C:/Users/Νίκος/AppData/Local/Programs/MiKTeX/tex/latex/arabi/bblopts.cfg
File: bblopts.cfg 2005/09/08 v0.1 add Arabic and Farsi to "declared" options of
 babel
)
Package babel Info: Main language set with 'main='. Except if you have
(babel)             problems, prefer the default mechanism for setting
(babel)             the main language, ie, as the last declared.
(babel)             Reported on input line 4203.

(C:/Users/Νίκος/AppData/Local/Programs/MiKTeX/tex/latex/babel-english/engl
ish.ldf
Language: english 2017/06/06 v3.3r English support from the babel system
Package babel Info: Hyphen rules for 'canadian' set to \l@english
(babel)             (\language0). Reported on input line 102.
Package babel Info: Hyphen rules for 'australian' set to \l@ukenglish
(babel)             (\language74). Reported on input line 105.
Package babel Info: Hyphen rules for 'newzealand' set to \l@ukenglish
(babel)             (\language74). Reported on input line 108.
)
(C:/Users/Νίκος/AppData/Local/Programs/MiKTeX/tex/latex/babel-greek/greek.
ldf
Language: greek 2023/10/13 1.15 Greek support for the babel system
\bbl@monogreek=\count311
\bbl@polygreek=\count312
\bbl@ancientgreek=\count313

(C:/Users/Νίκος/AppData/Local/Programs/MiKTeX/tex/latex/greek-fontenc/tuen
c-greek.def
File: tuenc-greek.def 2023-09-12 2.5 Greek LICRs for XeTeX and LuaTeX

(C:/Users/Νίκος/AppData/Local/Programs/MiKTeX/tex/latex/greek-fontenc/gree
k-fontenc.def
File: greek-fontenc.def 2023-09-12 2.5 Common Greek font encoding definitions
))
(C:/Users/Νίκος/AppData/Local/Programs/MiKTeX/tex/generic/hyph-utf8/loadhy
ph/loadhyph-el-polyton.tex
UTF-8 Hyphenation patterns for multi-accent (polytonic) Modern Greek
(C:/Users/Νίκος/AppData/Local/Programs/MiKTeX/tex/generic/hyph-utf8/patter
ns/tex/hyph-el-polyton.tex))))
(C:/Users/Νίκος/AppData/Local/Programs/MiKTeX/tex/generic/babel/locale/el/
babel-greek.tex
Package babel Info: Importing font and identification data for greek
(babel)             from babel-el.ini. Reported on input line 11.
)
(C:/Users/Νίκος/AppData/Local/Programs/MiKTeX/tex/generic/babel/locale/en/
babel-english.tex
Package babel Info: Importing font and identification data for english
(babel)             from babel-en.ini. Reported on input line 11.
)
(C:/Users/Νίκος/AppData/Local/Programs/MiKTeX/tex/latex/halloweenmath/hall
oweenmath.sty
Package: halloweenmath 2019/11/01 v0.11 (development)

(C:/Users/Νίκος/AppData/Local/Programs/MiKTeX/tex/latex/pict2e/pict2e.sty
Package: pict2e 2020/09/30 v0.4b Improved picture commands (HjG,RN,JT)

(C:/Users/Νίκος/AppData/Local/Programs/MiKTeX/tex/latex/pict2e/pict2e.cfg
File: pict2e.cfg 2016/02/05 v0.1u pict2e configuration for teTeX/TeXLive
)
Package pict2e Info: Driver file: luatex.def on input line 112.
Package pict2e Info: Driver file for pict2e: p2e-luatex.def on input line 114.

(C:/Users/Νίκος/AppData/Local/Programs/MiKTeX/tex/latex/pict2e/p2e-luatex.
def
File: p2e-luatex.def 2016/02/05 v0.1u Driver-dependant file (RN,HjG,JT)
)
\pIIe@GRAPH=\toks31
\@arclen=\dimen257
\@arcrad=\dimen258
\pIIe@tempdima=\dimen259
\pIIe@tempdimb=\dimen260
\pIIe@tempdimc=\dimen261
\pIIe@tempdimd=\dimen262
\pIIe@tempdime=\dimen263
\pIIe@tempdimf=\dimen264
)
\@HwM@arrowfill@skip=\skip82
)
(C:/Users/Νίκος/AppData/Local/Programs/MiKTeX/tex/latex/base/fontenc.sty
Package: fontenc 2021/04/29 v2.0v Standard LaTeX package

(C:/Users/Νίκος/AppData/Local/Programs/MiKTeX/tex/latex/greek-fontenc/lgre
nc.def
File: lgrenc.def 2023-09-12 2.5 LGR Greek font encoding definitions

(C:/Users/Νίκος/AppData/Local/Programs/MiKTeX/tex/latex/greek-fontenc/gree
k-fontenc.def
File: greek-fontenc.def 2023-09-12 2.5 Common Greek font encoding definitions
))
LaTeX Font Info:    Trying to load font information for LGR+lmr on input line 1
12.

(C:/Users/Νίκος/AppData/Local/Programs/MiKTeX/tex/latex/cbfonts-fd/lgrlmr.
fd
File: lgrlmr.fd 2017/07/29 v1.2 Scalable Greek Latin Modern Regular
))
(C:/Users/Νίκος/AppData/Local/Programs/MiKTeX/tex/latex/fontspec/fontspec.
sty
Package: fontspec 2022/01/15 v2.8a Font selection for XeLaTeX and LuaLaTeX
Lua module: fontspec 2022/01/15 2.8a Font selection for XeLaTeX and LuaLaTeX
(C:/Users/Νίκος/AppData/Local/Programs/MiKTeX/tex/latex/fontspec/fontspec-
luatex.sty
Package: fontspec-luatex 2022/01/15 v2.8a Font selection for XeLaTeX and LuaLaT
eX
\l__fontspec_script_int=\count314
\l__fontspec_language_int=\count315
\l__fontspec_strnum_int=\count316
\l__fontspec_tmp_int=\count317
\l__fontspec_tmpa_int=\count318
\l__fontspec_tmpb_int=\count319
\l__fontspec_tmpc_int=\count320
\l__fontspec_em_int=\count321
\l__fontspec_emdef_int=\count322
\l__fontspec_strong_int=\count323
\l__fontspec_strongdef_int=\count324
\l__fontspec_tmpa_dim=\dimen265
\l__fontspec_tmpb_dim=\dimen266
\l__fontspec_tmpc_dim=\dimen267

(C:/Users/Νίκος/AppData/Local/Programs/MiKTeX/tex/latex/base/fontenc.sty
Package: fontenc 2021/04/29 v2.0v Standard LaTeX package
)
(C:/Users/Νίκος/AppData/Local/Programs/MiKTeX/tex/latex/fontspec/fontspec.
cfg)))
(C:/Users/Νίκος/AppData/Local/Programs/MiKTeX/tex/latex/greek-fontenc/text
alpha.sty
Package: textalpha 2023-09-12 2.5 macros for Greek letters in text

(C:/Users/Νίκος/AppData/Local/Programs/MiKTeX/tex/latex/greek-fontenc/tuen
c-greek.def
File: tuenc-greek.def 2023-09-12 2.5 Greek LICRs for XeTeX and LuaTeX

(C:/Users/Νίκος/AppData/Local/Programs/MiKTeX/tex/latex/greek-fontenc/gree
k-fontenc.def
File: greek-fontenc.def 2023-09-12 2.5 Common Greek font encoding definitions
)))
(C:/Users/Νίκος/AppData/Local/Programs/MiKTeX/tex/latex/unicode-math/unico
de-math.sty
Package: unicode-math 2023/08/13 v0.8r Unicode maths in XeLaTeX and LuaLaTeX

(C:/Users/Νίκος/AppData/Local/Programs/MiKTeX/tex/latex/unicode-math/unico
de-math-luatex.sty
Package: unicode-math-luatex 2023/08/13 v0.8r Unicode maths in XeLaTeX and LuaL
aTeX

(C:/Users/Νίκος/AppData/Local/Programs/MiKTeX/tex/latex/base/fix-cm.sty
Package: fix-cm 2020/11/24 v1.1t fixes to LaTeX

(C:/Users/Νίκος/AppData/Local/Programs/MiKTeX/tex/latex/base/ts1enc.def
File: ts1enc.def 2001/06/05 v3.0e (jk/car/fm) Standard LaTeX file
LaTeX Font Info:    Redeclaring font encoding TS1 on input line 47.
))
(C:/Users/Νίκος/AppData/Local/Programs/MiKTeX/tex/lualatex/lualatex-math/l
ualatex-math.sty
Package: lualatex-math 2022/01/01 v1.12 Patches for mathematics typesetting wit
h LuaLaTeX
Lua module: lualatex-math 2013/08/03 1.3 Patches for mathematics typesetting wit
h LuaLaTeX)
\g__um_fam_int=\count325
\g__um_fonts_used_int=\count326
\l__um_primecount_int=\count327
\g__um_primekern_muskip=\muskip20

(C:/Users/Νίκος/AppData/Local/Programs/MiKTeX/tex/latex/unicode-math/unico
de-math-table.tex)))

Package fontspec Info: Font family 'Concrete-Math.otf(0)' created for font
(fontspec)             'Concrete-Math.otf' with options
(fontspec)             [Renderer=Basic,BoldItalicFont={},ItalicFont={},SmallCap
sFont={},Script=Math,RawFeature={mathfontdimen=xetex}].
(fontspec)              
(fontspec)              This font family consists of the following NFSS
(fontspec)             series/shapes:
(fontspec)              
(fontspec)             - 'normal' (m/n) with NFSS spec.:
(fontspec)             <->"[Concrete-Math.otf]:mode=base;script=math;language=d
flt;mathfontdimen=xetex;"
(fontspec)             - 'small caps'  (m/sc) with NFSS spec.: 


Package fontspec Info: Font family 'Concrete-Math.otf(1)' created for font
(fontspec)             'Concrete-Math.otf' with options
(fontspec)             [Renderer=Basic,BoldItalicFont={},ItalicFont={},SmallCap
sFont={},Script=Math,SizeFeatures={{Size=8.8-},{Size=6.8-8.8,Font=Concrete-Math
.otf,Style=MathScript},{Size=-6.8,Font=Concrete-Math.otf,Style=MathScriptScript
}},RawFeature={mathfontdimen=xetex}].
(fontspec)              
(fontspec)              This font family consists of the following NFSS
(fontspec)             series/shapes:
(fontspec)              
(fontspec)             - 'normal' (m/n) with NFSS spec.:
(fontspec)             <8.8->"[Concrete-Math.otf]:mode=base;script=math;languag
e=dflt;mathfontdimen=xetex;"<6.8-8.8>"[Concrete-Math.otf]:mode=base;script=math
;language=dflt;mathfontdimen=xetex;+ssty=0;"<-6.8>"[Concrete-Math.otf]:mode=bas
e;script=math;language=dflt;mathfontdimen=xetex;+ssty=1;"
(fontspec)             - 'small caps'  (m/sc) with NFSS spec.: 

LaTeX Font Info:    Encoding `OT1' has changed to `TU' for symbol font
(Font)              `operators' in the math version `normal' on input line 18.
LaTeX Font Info:    Overwriting symbol font `operators' in version `normal'
(Font)                  OT1/cmr/m/n --> TU/Concrete-Math.otf(1)/m/n on input li
ne 18.
LaTeX Font Info:    Encoding `OT1' has changed to `TU' for symbol font
(Font)              `operators' in the math version `bold' on input line 18.
LaTeX Font Info:    Overwriting symbol font `operators' in version `bold'
(Font)                  OT1/cmr/bx/n --> TU/Concrete-Math.otf(1)/b/n on input l
ine 18.

Package fontspec Info: Font family 'Concrete-Math.otf(2)' created for font
(fontspec)             'Concrete-Math.otf' with options
(fontspec)             [Renderer=Basic,BoldItalicFont={},ItalicFont={},SmallCap
sFont={},Script=Math,SizeFeatures={{Size=8.8-},{Size=6.8-8.8,Font=Concrete-Math
.otf,Style=MathScript},{Size=-6.8,Font=Concrete-Math.otf,Style=MathScriptScript
}},RawFeature={mathfontdimen=xetex},RawFeature={mathfontdimen=tex2}].
(fontspec)              
(fontspec)              This font family consists of the following NFSS
(fontspec)             series/shapes:
(fontspec)              
(fontspec)             - 'normal' (m/n) with NFSS spec.:
(fontspec)             <8.8->"[Concrete-Math.otf]:mode=base;script=math;languag
e=dflt;mathfontdimen=xetex;mathfontdimen=tex2;"<6.8-8.8>"[Concrete-Math.otf]:mo
de=base;script=math;language=dflt;mathfontdimen=xetex;mathfontdimen=tex2;+ssty=
0;"<-6.8>"[Concrete-Math.otf]:mode=base;script=math;language=dflt;mathfontdimen
=xetex;mathfontdimen=tex2;+ssty=1;"
(fontspec)             - 'small caps'  (m/sc) with NFSS spec.: 

LaTeX Font Info:    Encoding `OMS' has changed to `TU' for symbol font
(Font)              `symbols' in the math version `normal' on input line 18.
LaTeX Font Info:    Overwriting symbol font `symbols' in version `normal'
(Font)                  OMS/cmsy/m/n --> TU/Concrete-Math.otf(2)/m/n on input l
ine 18.
LaTeX Font Info:    Encoding `OMS' has changed to `TU' for symbol font
(Font)              `symbols' in the math version `bold' on input line 18.
LaTeX Font Info:    Overwriting symbol font `symbols' in version `bold'
(Font)                  OMS/cmsy/b/n --> TU/Concrete-Math.otf(2)/b/n on input l
ine 18.

Package fontspec Info: Font family 'Concrete-Math.otf(3)' created for font
(fontspec)             'Concrete-Math.otf' with options
(fontspec)             [Renderer=Basic,BoldItalicFont={},ItalicFont={},SmallCap
sFont={},Script=Math,SizeFeatures={{Size=8.8-},{Size=6.8-8.8,Font=Concrete-Math
.otf,Style=MathScript},{Size=-6.8,Font=Concrete-Math.otf,Style=MathScriptScript
}},RawFeature={mathfontdimen=xetex},RawFeature={mathfontdimen=tex3}].
(fontspec)              
(fontspec)              This font family consists of the following NFSS
(fontspec)             series/shapes:
(fontspec)              
(fontspec)             - 'normal' (m/n) with NFSS spec.:
(fontspec)             <8.8->"[Concrete-Math.otf]:mode=base;script=math;languag
e=dflt;mathfontdimen=xetex;mathfontdimen=tex3;"<6.8-8.8>"[Concrete-Math.otf]:mo
de=base;script=math;language=dflt;mathfontdimen=xetex;mathfontdimen=tex3;+ssty=
0;"<-6.8>"[Concrete-Math.otf]:mode=base;script=math;language=dflt;mathfontdimen
=xetex;mathfontdimen=tex3;+ssty=1;"
(fontspec)             - 'small caps'  (m/sc) with NFSS spec.: 

LaTeX Font Info:    Encoding `OMX' has changed to `TU' for symbol font
(Font)              `largesymbols' in the math version `normal' on input line 1
8.
LaTeX Font Info:    Overwriting symbol font `largesymbols' in version `normal'
(Font)                  OMX/cmex/m/n --> TU/Concrete-Math.otf(3)/m/n on input l
ine 18.
LaTeX Font Info:    Encoding `OMX' has changed to `TU' for symbol font
(Font)              `largesymbols' in the math version `bold' on input line 18.

LaTeX Font Info:    Overwriting symbol font `largesymbols' in version `bold'
(Font)                  OMX/cmex/m/n --> TU/Concrete-Math.otf(3)/b/n on input l
ine 18.
LaTeX Font Info:    Trying to load font information for U+msa on input line 18.


(C:/Users/Νίκος/AppData/Local/Programs/MiKTeX/tex/latex/amsfonts/umsa.fd
File: umsa.fd 2013/01/14 v3.01 AMS symbols A
)
LaTeX Font Info:    Trying to load font information for U+msb on input line 18.


(C:/Users/Νίκος/AppData/Local/Programs/MiKTeX/tex/latex/amsfonts/umsb.fd
File: umsb.fd 2013/01/14 v3.01 AMS symbols B
)
luaotfload | cache : Lookup cache loaded from C:/Users/Νίκος/AppData/Local/
MiKTeX/luatex-cache/generic/names/luaotfload-lookup-cache.luc.
luaotfload | aux : font no 46 (nil) does not define feature smcp for script latn
 with language dflt
luaotfload | aux : font no 47 (nil) does not define feature smcp for script latn
 with language dflt
luaotfload | aux : font no 48 (nil) does not define feature smcp for script latn
 with language dflt

Package fontspec Info: Font family 'GFSNeohellenic(0)' created for font 'GFS
(fontspec)             Neohellenic' with options [Ligatures=TeX].
(fontspec)              
(fontspec)              This font family consists of the following NFSS
(fontspec)             series/shapes:
(fontspec)              
(fontspec)             - 'normal' (m/n) with NFSS spec.:
(fontspec)             <->"GFSNeohellenic:mode=node;script=latn;language=dflt;+
tlig;"
(fontspec)             - 'small caps'  (m/sc) with NFSS spec.:
(fontspec)             <->"GFSNeohellenic:mode=node;script=latn;language=dflt;+
tlig;+smcp;"
(fontspec)             - 'bold' (b/n) with NFSS spec.:
(fontspec)             <->"GFSNeohellenic/B:mode=node;script=latn;language=dflt
;+tlig;"
(fontspec)             - 'bold small caps'  (b/sc) with NFSS spec.: 
(fontspec)             - 'italic' (m/it) with NFSS spec.:
(fontspec)             <->"GFSNeohellenic/I:mode=node;script=latn;language=dflt
;+tlig;"
(fontspec)             - 'italic small caps'  (m/scit) with NFSS spec.: 
(fontspec)             - 'bold italic' (b/it) with NFSS spec.:
(fontspec)             <->"GFSNeohellenic/BI:mode=node;script=latn;language=dfl
t;+tlig;"
(fontspec)             - 'bold italic small caps'  (b/scit) with NFSS spec.: 

luaotfload | aux : font no 56 (nil) does not define feature smcp for script latn
 with language dflt
luaotfload | aux : font no 57 (nil) does not define feature smcp for script latn
 with language dflt
luaotfload | aux : font no 58 (nil) does not define feature smcp for script latn
 with language dflt

Package fontspec Info: Font family 'GFSNeohellenic(1)' created for font 'GFS
(fontspec)             Neohellenic' with options [Renderer=Basic].
(fontspec)              
(fontspec)              This font family consists of the following NFSS
(fontspec)             series/shapes:
(fontspec)              
(fontspec)             - 'normal' (m/n) with NFSS spec.:
(fontspec)             <->"GFSNeohellenic:mode=base;script=latn;language=dflt;"

(fontspec)             - 'small caps'  (m/sc) with NFSS spec.:
(fontspec)             <->"GFSNeohellenic:mode=base;script=latn;language=dflt;+
smcp;"
(fontspec)             - 'bold' (b/n) with NFSS spec.:
(fontspec)             <->"GFSNeohellenic/B:mode=base;script=latn;language=dflt
;"
(fontspec)             - 'bold small caps'  (b/sc) with NFSS spec.: 
(fontspec)             - 'italic' (m/it) with NFSS spec.:
(fontspec)             <->"GFSNeohellenic/I:mode=base;script=latn;language=dflt
;"
(fontspec)             - 'italic small caps'  (m/scit) with NFSS spec.: 
(fontspec)             - 'bold italic' (b/it) with NFSS spec.:
(fontspec)             <->"GFSNeohellenic/BI:mode=base;script=latn;language=dfl
t;"
(fontspec)             - 'bold italic small caps'  (b/scit) with NFSS spec.: 

LaTeX Font Info:    Overwriting math alphabet `\mathrm' in version `normal'
(Font)                  TU/Concrete-Math.otf(1)/m/n --> TU/GFSNeohellenic(1)/m/
n on input line 19.
LaTeX Font Info:    Overwriting math alphabet `\mathit' in version `normal'
(Font)                  OT1/cmr/m/it --> TU/GFSNeohellenic(1)/m/it on input lin
e 19.
LaTeX Font Info:    Overwriting math alphabet `\mathbf' in version `normal'
(Font)                  OT1/cmr/bx/n --> TU/GFSNeohellenic(1)/b/n on input line
 19.

(C:/Users/Νίκος/AppData/Local/Programs/MiKTeX/tex/latex/tools/indentfirst.
sty
Package: indentfirst 1995/11/23 v1.03 Indent first paragraph (DPC)
)
(C:/Users/Νίκος/AppData/Local/Programs/MiKTeX/tex/latex/xcolor/xcolor.sty
Package: xcolor 2022/06/12 v2.14 LaTeX color extensions (UK)

(C:/Users/Νίκος/AppData/Local/Programs/MiKTeX/tex/latex/graphics-cfg/color
.cfg
File: color.cfg 2016/01/02 v1.6 sample color configuration
)
Package xcolor Info: Driver file: luatex.def on input line 227.

(C:/Users/Νίκος/AppData/Local/Programs/MiKTeX/tex/latex/graphics/mathcolor
.ltx)
Package xcolor Info: Model `cmy' substituted by `cmy0' on input line 1353.
Package xcolor Info: Model `hsb' substituted by `rgb' on input line 1357.
Package xcolor Info: Model `RGB' extended on input line 1369.
Package xcolor Info: Model `HTML' substituted by `rgb' on input line 1371.
Package xcolor Info: Model `Hsb' substituted by `hsb' on input line 1372.
Package xcolor Info: Model `tHsb' substituted by `hsb' on input line 1373.
Package xcolor Info: Model `HSB' substituted by `hsb' on input line 1374.
Package xcolor Info: Model `Gray' substituted by `gray' on input line 1375.
Package xcolor Info: Model `wave' substituted by `hsb' on input line 1376.

(C:/Users/Νίκος/AppData/Local/Programs/MiKTeX/tex/latex/xcolor/x11nam.def
File: x11nam.def 2022/06/12 v2.14 Predefined colors according to Unix/X11 (UK)
))
(C:/Users/Νίκος/AppData/Local/Programs/MiKTeX/tex/latex/hyperref/hyperref.
sty
Package: hyperref 2023-07-08 v7.01b Hypertext links for LaTeX

(C:/Users/Νίκος/AppData/Local/Programs/MiKTeX/tex/latex/kvsetkeys/kvsetkey
s.sty
Package: kvsetkeys 2022-10-05 v1.19 Key value parser (HO)
)
(C:/Users/Νίκος/AppData/Local/Programs/MiKTeX/tex/generic/kvdefinekeys/kvd
efinekeys.sty
Package: kvdefinekeys 2019-12-19 v1.6 Define keys (HO)
)
(C:/Users/Νίκος/AppData/Local/Programs/MiKTeX/tex/generic/pdfescape/pdfesc
ape.sty
Package: pdfescape 2019/12/09 v1.15 Implements pdfTeX's escape features (HO)
)
(C:/Users/Νίκος/AppData/Local/Programs/MiKTeX/tex/latex/hycolor/hycolor.st
y
Package: hycolor 2020-01-27 v1.10 Color options for hyperref/bookmark (HO)
)
(C:/Users/Νίκος/AppData/Local/Programs/MiKTeX/tex/latex/letltxmacro/letltx
macro.sty
Package: letltxmacro 2019/12/03 v1.6 Let assignment for LaTeX macros (HO)
)
(C:/Users/Νίκος/AppData/Local/Programs/MiKTeX/tex/latex/auxhook/auxhook.st
y
Package: auxhook 2019-12-17 v1.6 Hooks for auxiliary files (HO)
)
(C:/Users/Νίκος/AppData/Local/Programs/MiKTeX/tex/latex/hyperref/nameref.s
ty
Package: nameref 2023-08-07 v2.53 Cross-referencing by name of section

(C:/Users/Νίκος/AppData/Local/Programs/MiKTeX/tex/latex/refcount/refcount.
sty
Package: refcount 2019/12/15 v3.6 Data extraction from label references (HO)
)
(C:/Users/Νίκος/AppData/Local/Programs/MiKTeX/tex/generic/gettitlestring/g
ettitlestring.sty
Package: gettitlestring 2019/12/15 v1.6 Cleanup title references (HO)

(C:/Users/Νίκος/AppData/Local/Programs/MiKTeX/tex/latex/kvoptions/kvoption
s.sty
Package: kvoptions 2022-06-15 v3.15 Key value format for package options (HO)
))
\c@section@level=\count328
)
\@linkdim=\dimen268
\Hy@linkcounter=\count329
\Hy@pagecounter=\count330

(C:/Users/Νίκος/AppData/Local/Programs/MiKTeX/tex/latex/hyperref/pd1enc.de
f
File: pd1enc.def 2023-07-08 v7.01b Hyperref: PDFDocEncoding definition (HO)
)
(C:/Users/Νίκος/AppData/Local/Programs/MiKTeX/tex/generic/intcalc/intcalc.
sty
Package: intcalc 2019/12/15 v1.3 Expandable calculations with integers (HO)
)
\Hy@SavedSpaceFactor=\count331

(C:/Users/Νίκος/AppData/Local/Programs/MiKTeX/tex/latex/hyperref/puenc.def
File: puenc.def 2023-07-08 v7.01b Hyperref: PDF Unicode definition (HO)

(C:/Users/Νίκος/AppData/Local/Programs/MiKTeX/tex/latex/greek-fontenc/puen
c-greek.def
File: puenc-greek.def 2023-09-12 2.5 Greek LICRs for PDF strings

(C:/Users/Νίκος/AppData/Local/Programs/MiKTeX/tex/latex/greek-fontenc/gree
k-fontenc.def
File: greek-fontenc.def 2023-09-12 2.5 Common Greek font encoding definitions
)))
Package hyperref Info: Option `unicode' set `true' on input line 4050.
Package hyperref Info: Hyper figures OFF on input line 4167.
Package hyperref Info: Link nesting OFF on input line 4172.
Package hyperref Info: Hyper index ON on input line 4175.
Package hyperref Info: Plain pages OFF on input line 4182.
Package hyperref Info: Backreferencing OFF on input line 4187.
Package hyperref Info: Implicit mode ON; LaTeX internals redefined.
Package hyperref Info: Bookmarks ON on input line 4434.
\c@Hy@tempcnt=\count332

(C:/Users/Νίκος/AppData/Local/Programs/MiKTeX/tex/latex/url/url.sty
\Urlmuskip=\muskip21
Package: url 2013/09/16  ver 3.4  Verb mode for urls, etc.
)
LaTeX Info: Redefining \url on input line 4772.
\XeTeXLinkMargin=\dimen269

(C:/Users/Νίκος/AppData/Local/Programs/MiKTeX/tex/generic/bitset/bitset.st
y
Package: bitset 2019/12/09 v1.3 Handle bit-vector datatype (HO)

(C:/Users/Νίκος/AppData/Local/Programs/MiKTeX/tex/generic/bigintcalc/bigin
tcalc.sty
Package: bigintcalc 2019/12/15 v1.5 Expandable calculations on big integers (HO
)
))
\Fld@menulength=\count333
\Field@Width=\dimen270
\Fld@charsize=\dimen271
Package hyperref Info: Hyper figures OFF on input line 6051.
Package hyperref Info: Link nesting OFF on input line 6056.
Package hyperref Info: Hyper index ON on input line 6059.
Package hyperref Info: backreferencing OFF on input line 6066.
Package hyperref Info: Link coloring OFF on input line 6071.
Package hyperref Info: Link coloring with OCG OFF on input line 6076.
Package hyperref Info: PDF/A mode OFF on input line 6081.

(C:/Users/Νίκος/AppData/Local/Programs/MiKTeX/tex/latex/base/atbegshi-ltx.
sty
Package: atbegshi-ltx 2021/01/10 v1.0c Emulation of the original atbegshi
package with kernel methods
)
\Hy@abspage=\count334
\c@Item=\count335
\c@Hfootnote=\count336
)
Package hyperref Info: Driver: hluatex.

(C:/Users/Νίκος/AppData/Local/Programs/MiKTeX/tex/latex/hyperref/hluatex.d
ef
File: hluatex.def 2023-07-08 v7.01b Hyperref driver for luaTeX

(C:/Users/Νίκος/AppData/Local/Programs/MiKTeX/tex/generic/stringenc/string
enc.sty
Package: stringenc 2019/11/29 v1.12 Convert strings between diff. encodings (HO
)
)
(C:/Users/Νίκος/AppData/Local/Programs/MiKTeX/tex/latex/base/atveryend-ltx
.sty
Package: atveryend-ltx 2020/08/19 v1.0a Emulation of the original atveryend pac
kage
with kernel methods
)
\Fld@listcount=\count337
\c@bookmark@seq@number=\count338

(C:/Users/Νίκος/AppData/Local/Programs/MiKTeX/tex/latex/rerunfilecheck/rer
unfilecheck.sty
Package: rerunfilecheck 2022-07-10 v1.10 Rerun checks for auxiliary files (HO)

(C:/Users/Νίκος/AppData/Local/Programs/MiKTeX/tex/generic/uniquecounter/un
iquecounter.sty
Package: uniquecounter 2019/12/15 v1.4 Provide unlimited unique counter (HO)
)
Package uniquecounter Info: New unique counter `rerunfilecheck' on input line 2
85.
)
\Hy@SectionHShift=\skip83
)
Package hyperref Info: Option `bookmarksnumbered' set `true' on input line 26.
Package hyperref Info: Option `bookmarksopen' set `true' on input line 26.

(C:/Users/Νίκος/AppData/Local/Programs/MiKTeX/tex/latex/oberdiek/hypcap.st
y
Package: hypcap 2016/05/16 v1.12 Adjusting the anchors of captions (HO)
)
(C:/Users/Νίκος/AppData/Local/Programs/MiKTeX/tex/latex/pgf/frontendlayer/
tikz.sty
(C:/Users/Νίκος/AppData/Local/Programs/MiKTeX/tex/latex/pgf/basiclayer/pgf
.sty
(C:/Users/Νίκος/AppData/Local/Programs/MiKTeX/tex/latex/pgf/utilities/pgfr
cs.sty
(C:/Users/Νίκος/AppData/Local/Programs/MiKTeX/tex/generic/pgf/utilities/pg
futil-common.tex
\pgfutil@everybye=\toks32
\pgfutil@tempdima=\dimen272
\pgfutil@tempdimb=\dimen273
)
(C:/Users/Νίκος/AppData/Local/Programs/MiKTeX/tex/generic/pgf/utilities/pg
futil-latex.def
\pgfutil@abb=\box75
)
(C:/Users/Νίκος/AppData/Local/Programs/MiKTeX/tex/generic/pgf/utilities/pg
frcs.code.tex
(C:/Users/Νίκος/AppData/Local/Programs/MiKTeX/tex/generic/pgf/pgf.revision
.tex)
Package: pgfrcs 2023-01-15 v3.1.10 (3.1.10)
))
Package: pgf 2023-01-15 v3.1.10 (3.1.10)

(C:/Users/Νίκος/AppData/Local/Programs/MiKTeX/tex/latex/pgf/basiclayer/pgf
core.sty
(C:/Users/Νίκος/AppData/Local/Programs/MiKTeX/tex/latex/pgf/systemlayer/pg
fsys.sty
(C:/Users/Νίκος/AppData/Local/Programs/MiKTeX/tex/generic/pgf/systemlayer/
pgfsys.code.tex
Package: pgfsys 2023-01-15 v3.1.10 (3.1.10)

(C:/Users/Νίκος/AppData/Local/Programs/MiKTeX/tex/generic/pgf/utilities/pg
fkeys.code.tex
\pgfkeys@pathtoks=\toks33
\pgfkeys@temptoks=\toks34

(C:/Users/Νίκος/AppData/Local/Programs/MiKTeX/tex/generic/pgf/utilities/pg
fkeyslibraryfiltered.code.tex
\pgfkeys@tmptoks=\toks35
))
\pgf@x=\dimen274
\pgf@y=\dimen275
\pgf@xa=\dimen276
\pgf@ya=\dimen277
\pgf@xb=\dimen278
\pgf@yb=\dimen279
\pgf@xc=\dimen280
\pgf@yc=\dimen281
\pgf@xd=\dimen282
\pgf@yd=\dimen283
\w@pgf@writea=\write3
\r@pgf@reada=\read3
\c@pgf@counta=\count339
\c@pgf@countb=\count340
\c@pgf@countc=\count341
\c@pgf@countd=\count342
\t@pgf@toka=\toks36
\t@pgf@tokb=\toks37
\t@pgf@tokc=\toks38
\pgf@sys@id@count=\count343

(C:/Users/Νίκος/AppData/Local/Programs/MiKTeX/tex/generic/pgf/systemlayer/
pgf.cfg
File: pgf.cfg 2023-01-15 v3.1.10 (3.1.10)
)
Driver file for pgf: pgfsys-luatex.def

(C:/Users/Νίκος/AppData/Local/Programs/MiKTeX/tex/generic/pgf/systemlayer/
pgfsys-luatex.def
File: pgfsys-luatex.def 2023-01-15 v3.1.10 (3.1.10)

(C:/Users/Νίκος/AppData/Local/Programs/MiKTeX/tex/generic/pgf/systemlayer/
pgfsys-common-pdf.def
File: pgfsys-common-pdf.def 2023-01-15 v3.1.10 (3.1.10)
)))
(C:/Users/Νίκος/AppData/Local/Programs/MiKTeX/tex/generic/pgf/systemlayer/
pgfsyssoftpath.code.tex
File: pgfsyssoftpath.code.tex 2023-01-15 v3.1.10 (3.1.10)
\pgfsyssoftpath@smallbuffer@items=\count344
\pgfsyssoftpath@bigbuffer@items=\count345
)
(C:/Users/Νίκος/AppData/Local/Programs/MiKTeX/tex/generic/pgf/systemlayer/
pgfsysprotocol.code.tex
File: pgfsysprotocol.code.tex 2023-01-15 v3.1.10 (3.1.10)
))
(C:/Users/Νίκος/AppData/Local/Programs/MiKTeX/tex/generic/pgf/basiclayer/p
gfcore.code.tex
Package: pgfcore 2023-01-15 v3.1.10 (3.1.10)

(C:/Users/Νίκος/AppData/Local/Programs/MiKTeX/tex/generic/pgf/math/pgfmath
.code.tex
(C:/Users/Νίκος/AppData/Local/Programs/MiKTeX/tex/generic/pgf/math/pgfmath
util.code.tex)
(C:/Users/Νίκος/AppData/Local/Programs/MiKTeX/tex/generic/pgf/math/pgfmath
parser.code.tex
\pgfmath@dimen=\dimen284
\pgfmath@count=\count346
\pgfmath@box=\box76
\pgfmath@toks=\toks39
\pgfmath@stack@operand=\toks40
\pgfmath@stack@operation=\toks41
)
(C:/Users/Νίκος/AppData/Local/Programs/MiKTeX/tex/generic/pgf/math/pgfmath
functions.code.tex)
(C:/Users/Νίκος/AppData/Local/Programs/MiKTeX/tex/generic/pgf/math/pgfmath
functions.basic.code.tex)
(C:/Users/Νίκος/AppData/Local/Programs/MiKTeX/tex/generic/pgf/math/pgfmath
functions.trigonometric.code.tex)
(C:/Users/Νίκος/AppData/Local/Programs/MiKTeX/tex/generic/pgf/math/pgfmath
functions.random.code.tex)
(C:/Users/Νίκος/AppData/Local/Programs/MiKTeX/tex/generic/pgf/math/pgfmath
functions.comparison.code.tex)
(C:/Users/Νίκος/AppData/Local/Programs/MiKTeX/tex/generic/pgf/math/pgfmath
functions.base.code.tex)
(C:/Users/Νίκος/AppData/Local/Programs/MiKTeX/tex/generic/pgf/math/pgfmath
functions.round.code.tex)
(C:/Users/Νίκος/AppData/Local/Programs/MiKTeX/tex/generic/pgf/math/pgfmath
functions.misc.code.tex)
(C:/Users/Νίκος/AppData/Local/Programs/MiKTeX/tex/generic/pgf/math/pgfmath
functions.integerarithmetics.code.tex)
(C:/Users/Νίκος/AppData/Local/Programs/MiKTeX/tex/generic/pgf/math/pgfmath
calc.code.tex)
(C:/Users/Νίκος/AppData/Local/Programs/MiKTeX/tex/generic/pgf/math/pgfmath
float.code.tex
\c@pgfmathroundto@lastzeros=\count347
))
(C:/Users/Νίκος/AppData/Local/Programs/MiKTeX/tex/generic/pgf/math/pgfint.
code.tex)
(C:/Users/Νίκος/AppData/Local/Programs/MiKTeX/tex/generic/pgf/basiclayer/p
gfcorepoints.code.tex
File: pgfcorepoints.code.tex 2023-01-15 v3.1.10 (3.1.10)
\pgf@picminx=\dimen285
\pgf@picmaxx=\dimen286
\pgf@picminy=\dimen287
\pgf@picmaxy=\dimen288
\pgf@pathminx=\dimen289
\pgf@pathmaxx=\dimen290
\pgf@pathminy=\dimen291
\pgf@pathmaxy=\dimen292
\pgf@xx=\dimen293
\pgf@xy=\dimen294
\pgf@yx=\dimen295
\pgf@yy=\dimen296
\pgf@zx=\dimen297
\pgf@zy=\dimen298
)
(C:/Users/Νίκος/AppData/Local/Programs/MiKTeX/tex/generic/pgf/basiclayer/p
gfcorepathconstruct.code.tex
File: pgfcorepathconstruct.code.tex 2023-01-15 v3.1.10 (3.1.10)
\pgf@path@lastx=\dimen299
\pgf@path@lasty=\dimen300
)
(C:/Users/Νίκος/AppData/Local/Programs/MiKTeX/tex/generic/pgf/basiclayer/p
gfcorepathusage.code.tex
File: pgfcorepathusage.code.tex 2023-01-15 v3.1.10 (3.1.10)
\pgf@shorten@end@additional=\dimen301
\pgf@shorten@start@additional=\dimen302
)
(C:/Users/Νίκος/AppData/Local/Programs/MiKTeX/tex/generic/pgf/basiclayer/p
gfcorescopes.code.tex
File: pgfcorescopes.code.tex 2023-01-15 v3.1.10 (3.1.10)
\pgfpic=\box77
\pgf@hbox=\box78
\pgf@layerbox@main=\box79
\pgf@picture@serial@count=\count348
)
(C:/Users/Νίκος/AppData/Local/Programs/MiKTeX/tex/generic/pgf/basiclayer/p
gfcoregraphicstate.code.tex
File: pgfcoregraphicstate.code.tex 2023-01-15 v3.1.10 (3.1.10)
\pgflinewidth=\dimen303
)
(C:/Users/Νίκος/AppData/Local/Programs/MiKTeX/tex/generic/pgf/basiclayer/p
gfcoretransformations.code.tex
File: pgfcoretransformations.code.tex 2023-01-15 v3.1.10 (3.1.10)
\pgf@pt@x=\dimen304
\pgf@pt@y=\dimen305
\pgf@pt@temp=\dimen306
)
(C:/Users/Νίκος/AppData/Local/Programs/MiKTeX/tex/generic/pgf/basiclayer/p
gfcorequick.code.tex
File: pgfcorequick.code.tex 2023-01-15 v3.1.10 (3.1.10)
)
(C:/Users/Νίκος/AppData/Local/Programs/MiKTeX/tex/generic/pgf/basiclayer/p
gfcoreobjects.code.tex
File: pgfcoreobjects.code.tex 2023-01-15 v3.1.10 (3.1.10)
)
(C:/Users/Νίκος/AppData/Local/Programs/MiKTeX/tex/generic/pgf/basiclayer/p
gfcorepathprocessing.code.tex
File: pgfcorepathprocessing.code.tex 2023-01-15 v3.1.10 (3.1.10)
)
(C:/Users/Νίκος/AppData/Local/Programs/MiKTeX/tex/generic/pgf/basiclayer/p
gfcorearrows.code.tex
File: pgfcorearrows.code.tex 2023-01-15 v3.1.10 (3.1.10)
\pgfarrowsep=\dimen307
)
(C:/Users/Νίκος/AppData/Local/Programs/MiKTeX/tex/generic/pgf/basiclayer/p
gfcoreshade.code.tex
File: pgfcoreshade.code.tex 2023-01-15 v3.1.10 (3.1.10)
\pgf@max=\dimen308
\pgf@sys@shading@range@num=\count349
\pgf@shadingcount=\count350
)
(C:/Users/Νίκος/AppData/Local/Programs/MiKTeX/tex/generic/pgf/basiclayer/p
gfcoreimage.code.tex
File: pgfcoreimage.code.tex 2023-01-15 v3.1.10 (3.1.10)
)
(C:/Users/Νίκος/AppData/Local/Programs/MiKTeX/tex/generic/pgf/basiclayer/p
gfcoreexternal.code.tex
File: pgfcoreexternal.code.tex 2023-01-15 v3.1.10 (3.1.10)
\pgfexternal@startupbox=\box80
)
(C:/Users/Νίκος/AppData/Local/Programs/MiKTeX/tex/generic/pgf/basiclayer/p
gfcorelayers.code.tex
File: pgfcorelayers.code.tex 2023-01-15 v3.1.10 (3.1.10)
)
(C:/Users/Νίκος/AppData/Local/Programs/MiKTeX/tex/generic/pgf/basiclayer/p
gfcoretransparency.code.tex
File: pgfcoretransparency.code.tex 2023-01-15 v3.1.10 (3.1.10)
)
(C:/Users/Νίκος/AppData/Local/Programs/MiKTeX/tex/generic/pgf/basiclayer/p
gfcorepatterns.code.tex
File: pgfcorepatterns.code.tex 2023-01-15 v3.1.10 (3.1.10)
)
(C:/Users/Νίκος/AppData/Local/Programs/MiKTeX/tex/generic/pgf/basiclayer/p
gfcorerdf.code.tex
File: pgfcorerdf.code.tex 2023-01-15 v3.1.10 (3.1.10)
)))
(C:/Users/Νίκος/AppData/Local/Programs/MiKTeX/tex/generic/pgf/modules/pgfm
oduleshapes.code.tex
File: pgfmoduleshapes.code.tex 2023-01-15 v3.1.10 (3.1.10)
\pgfnodeparttextbox=\box81
)
(C:/Users/Νίκος/AppData/Local/Programs/MiKTeX/tex/generic/pgf/modules/pgfm
oduleplot.code.tex
File: pgfmoduleplot.code.tex 2023-01-15 v3.1.10 (3.1.10)
)
(C:/Users/Νίκος/AppData/Local/Programs/MiKTeX/tex/latex/pgf/compatibility/
pgfcomp-version-0-65.sty
Package: pgfcomp-version-0-65 2023-01-15 v3.1.10 (3.1.10)
\pgf@nodesepstart=\dimen309
\pgf@nodesepend=\dimen310
)
(C:/Users/Νίκος/AppData/Local/Programs/MiKTeX/tex/latex/pgf/compatibility/
pgfcomp-version-1-18.sty
Package: pgfcomp-version-1-18 2023-01-15 v3.1.10 (3.1.10)
))
(C:/Users/Νίκος/AppData/Local/Programs/MiKTeX/tex/latex/pgf/utilities/pgff
or.sty
(C:/Users/Νίκος/AppData/Local/Programs/MiKTeX/tex/latex/pgf/utilities/pgfk
eys.sty
(C:/Users/Νίκος/AppData/Local/Programs/MiKTeX/tex/generic/pgf/utilities/pg
fkeys.code.tex))
(C:/Users/Νίκος/AppData/Local/Programs/MiKTeX/tex/latex/pgf/math/pgfmath.s
ty
(C:/Users/Νίκος/AppData/Local/Programs/MiKTeX/tex/generic/pgf/math/pgfmath
.code.tex))
(C:/Users/Νίκος/AppData/Local/Programs/MiKTeX/tex/generic/pgf/utilities/pg
ffor.code.tex
Package: pgffor 2023-01-15 v3.1.10 (3.1.10)
\pgffor@iter=\dimen311
\pgffor@skip=\dimen312
\pgffor@stack=\toks42
\pgffor@toks=\toks43
))
(C:/Users/Νίκος/AppData/Local/Programs/MiKTeX/tex/generic/pgf/frontendlaye
r/tikz/tikz.code.tex
Package: tikz 2023-01-15 v3.1.10 (3.1.10)

(C:/Users/Νίκος/AppData/Local/Programs/MiKTeX/tex/generic/pgf/libraries/pg
flibraryplothandlers.code.tex
File: pgflibraryplothandlers.code.tex 2023-01-15 v3.1.10 (3.1.10)
\pgf@plot@mark@count=\count351
\pgfplotmarksize=\dimen313
)
\tikz@lastx=\dimen314
\tikz@lasty=\dimen315
\tikz@lastxsaved=\dimen316
\tikz@lastysaved=\dimen317
\tikz@lastmovetox=\dimen318
\tikz@lastmovetoy=\dimen319
\tikzleveldistance=\dimen320
\tikzsiblingdistance=\dimen321
\tikz@figbox=\box82
\tikz@figbox@bg=\box83
\tikz@tempbox=\box84
\tikz@tempbox@bg=\box85
\tikztreelevel=\count352
\tikznumberofchildren=\count353
\tikznumberofcurrentchild=\count354
\tikz@fig@count=\count355

(C:/Users/Νίκος/AppData/Local/Programs/MiKTeX/tex/generic/pgf/modules/pgfm
odulematrix.code.tex
File: pgfmodulematrix.code.tex 2023-01-15 v3.1.10 (3.1.10)
\pgfmatrixcurrentrow=\count356
\pgfmatrixcurrentcolumn=\count357
\pgf@matrix@numberofcolumns=\count358
)
\tikz@expandcount=\count359

(C:/Users/Νίκος/AppData/Local/Programs/MiKTeX/tex/generic/pgf/frontendlaye
r/tikz/libraries/tikzlibrarytopaths.code.tex
File: tikzlibrarytopaths.code.tex 2023-01-15 v3.1.10 (3.1.10)
)))
(C:/Users/Νίκος/AppData/Local/Programs/MiKTeX/tex/generic/pgf/frontendlaye
r/tikz/libraries/tikzlibrarymatrix.code.tex
File: tikzlibrarymatrix.code.tex 2023-01-15 v3.1.10 (3.1.10)
)
(C:/Users/Νίκος/AppData/Local/Programs/MiKTeX/tex/generic/pgf/frontendlaye
r/tikz/libraries/tikzlibrarybackgrounds.code.tex
File: tikzlibrarybackgrounds.code.tex 2023-01-15 v3.1.10 (3.1.10)
\pgf@layerbox@background=\box86
\pgf@layerboxsaved@background=\box87
)
(C:/Users/Νίκος/AppData/Local/Programs/MiKTeX/tex/latex/steinmetz/steinmet
z.sty
Package: steinmetz 2009/06/14 v1.0 Steinmetz symbol for electrotechnics
\stm@phasebox=\box88
\stm@phasedp=\skip84
\stm@phaseht=\skip85
\stm@phasetot=\skip86
\stm@phasewd=\skip87
)
(C:/Users/Νίκος/AppData/Local/Programs/MiKTeX/tex/latex/titlesec/titlesec.
sty
Package: titlesec 2023/10/27 v2.16 Sectioning titles
\ttl@box=\box89
\beforetitleunit=\skip88
\aftertitleunit=\skip89
\ttl@plus=\dimen322
\ttl@minus=\dimen323
\ttl@toksa=\toks44
\titlewidth=\dimen324
\titlewidthlast=\dimen325
\titlewidthfirst=\dimen326
)
(C:/Users/Νίκος/AppData/Local/Programs/MiKTeX/tex/latex/pgfplots/pgfplots.
sty
(C:/Users/Νίκος/AppData/Local/Programs/MiKTeX/tex/generic/pgfplots/pgfplot
s.revision.tex)
Package: pgfplots 2021/05/15 v1.18.1 Data Visualization (1.18.1)

(C:/Users/Νίκος/AppData/Local/Programs/MiKTeX/tex/generic/pgfplots/pgfplot
s.code.tex
(C:/Users/Νίκος/AppData/Local/Programs/MiKTeX/tex/generic/pgfplots/pgfplot
score.code.tex
Package pgfplots info on input line 124: Initializing with LUA version Lua 5.3
\pgfplots@luabackend@table=\catcodetable16
\t@pgfplots@toka=\toks45
\t@pgfplots@tokb=\toks46
\t@pgfplots@tokc=\toks47
\pgfplots@tmpa=\dimen327
\c@pgfplots@coordindex=\count360
\c@pgfplots@scanlineindex=\count361

(C:/Users/Νίκος/AppData/Local/Programs/MiKTeX/tex/generic/pgfplots/sys/pgf
plotssysgeneric.code.tex))
(C:/Users/Νίκος/AppData/Local/Programs/MiKTeX/tex/generic/pgfplots/libs/pg
fplotslibrary.code.tex)
(C:/Users/Νίκος/AppData/Local/Programs/MiKTeX/tex/generic/pgfplots/oldpgfc
ompatib/pgfplotsoldpgfsupp_loader.code.tex
(C:/Users/Νίκος/AppData/Local/Programs/MiKTeX/tex/generic/pgf/libraries/pg
flibraryfpu.code.tex)
Package pgfplots: loading complementary utilities for your pgf version...
\t@pgf@toka=\toks48
\t@pgf@tokb=\toks49
\t@pgf@tokc=\toks50

(C:/Users/Νίκος/AppData/Local/Programs/MiKTeX/tex/generic/pgfplots/oldpgfc
ompatib/pgfplotsoldpgfsupp_pgfutil-common-lists.tex)
(C:/Users/Νίκος/AppData/Local/Programs/MiKTeX/tex/generic/pgf/libraries/lu
amath/pgflibraryluamath.code.tex)
Package pgfplots info on input line 290: luamath library shipped with pgf 3.1.1
0 is up-to-date
)
(C:/Users/Νίκος/AppData/Local/Programs/MiKTeX/tex/generic/pgfplots/util/pg
fplotsutil.code.tex
Package pgfplots info on input line 82: Found new luatex: initializing lua comm
ands instead of write18 (shell-escape)

(C:/Users/Νίκος/AppData/Local/Programs/MiKTeX/tex/generic/pgfplots/liststr
ucture/pgfplotsliststructure.code.tex)
(C:/Users/Νίκος/AppData/Local/Programs/MiKTeX/tex/generic/pgfplots/liststr
ucture/pgfplotsliststructureext.code.tex)
(C:/Users/Νίκος/AppData/Local/Programs/MiKTeX/tex/generic/pgfplots/liststr
ucture/pgfplotsarray.code.tex
\c@pgfplotsarray@tmp=\count362
)
(C:/Users/Νίκος/AppData/Local/Programs/MiKTeX/tex/generic/pgfplots/liststr
ucture/pgfplotsmatrix.code.tex)
(C:/Users/Νίκος/AppData/Local/Programs/MiKTeX/tex/generic/pgfplots/numtabl
e/pgfplotstableshared.code.tex
\c@pgfplotstable@counta=\count363
\t@pgfplotstable@a=\toks51
)
(C:/Users/Νίκος/AppData/Local/Programs/MiKTeX/tex/generic/pgfplots/liststr
ucture/pgfplotsdeque.code.tex)
(C:/Users/Νίκος/AppData/Local/Programs/MiKTeX/tex/generic/pgfplots/util/pg
fplotsbinary.code.tex
(C:/Users/Νίκος/AppData/Local/Programs/MiKTeX/tex/generic/pgfplots/util/pg
fplotsbinary.data.code.tex))
(C:/Users/Νίκος/AppData/Local/Programs/MiKTeX/tex/generic/pgfplots/util/pg
fplotsutil.verb.code.tex)
(C:/Users/Νίκος/AppData/Local/Programs/MiKTeX/tex/generic/pgfplots/libs/pg
flibrarypgfplots.surfshading.code.tex
\c@pgfplotslibrarysurf@no=\count364

(C:/Users/Νίκος/AppData/Local/Programs/MiKTeX/tex/generic/pgfplots/sys/pgf
librarypgfplots.surfshading.pgfsys-luatex.def)))
(C:/Users/Νίκος/AppData/Local/Programs/MiKTeX/tex/generic/pgfplots/util/pg
fplotscolormap.code.tex
(C:/Users/Νίκος/AppData/Local/Programs/MiKTeX/tex/generic/pgfplots/util/pg
fplotscolor.code.tex))
(C:/Users/Νίκος/AppData/Local/Programs/MiKTeX/tex/generic/pgfplots/pgfplot
sstackedplots.code.tex)
(C:/Users/Νίκος/AppData/Local/Programs/MiKTeX/tex/generic/pgfplots/pgfplot
splothandlers.code.tex
(C:/Users/Νίκος/AppData/Local/Programs/MiKTeX/tex/generic/pgfplots/pgfplot
smeshplothandler.code.tex
(C:/Users/Νίκος/AppData/Local/Programs/MiKTeX/tex/generic/pgfplots/pgfplot
smeshplotimage.code.tex)))
(C:/Users/Νίκος/AppData/Local/Programs/MiKTeX/tex/generic/pgfplots/pgfplot
s.scaling.code.tex)
(C:/Users/Νίκος/AppData/Local/Programs/MiKTeX/tex/generic/pgfplots/pgfplot
scoordprocessing.code.tex)
(C:/Users/Νίκος/AppData/Local/Programs/MiKTeX/tex/generic/pgfplots/pgfplot
s.errorbars.code.tex)
(C:/Users/Νίκος/AppData/Local/Programs/MiKTeX/tex/generic/pgfplots/pgfplot
s.markers.code.tex)
(C:/Users/Νίκος/AppData/Local/Programs/MiKTeX/tex/generic/pgfplots/pgfplot
sticks.code.tex)
(C:/Users/Νίκος/AppData/Local/Programs/MiKTeX/tex/generic/pgfplots/pgfplot
s.paths.code.tex)
(C:/Users/Νίκος/AppData/Local/Programs/MiKTeX/tex/generic/pgf/frontendlaye
r/tikz/libraries/tikzlibrarydecorations.code.tex
(C:/Users/Νίκος/AppData/Local/Programs/MiKTeX/tex/generic/pgf/modules/pgfm
oduledecorations.code.tex
\pgfdecoratedcompleteddistance=\dimen328
\pgfdecoratedremainingdistance=\dimen329
\pgfdecoratedinputsegmentcompleteddistance=\dimen330
\pgfdecoratedinputsegmentremainingdistance=\dimen331
\pgf@decorate@distancetomove=\dimen332
\pgf@decorate@repeatstate=\count365
\pgfdecorationsegmentamplitude=\dimen333
\pgfdecorationsegmentlength=\dimen334
)
\tikz@lib@dec@box=\box90
)
(C:/Users/Νίκος/AppData/Local/Programs/MiKTeX/tex/generic/pgf/frontendlaye
r/tikz/libraries/tikzlibrarydecorations.pathmorphing.code.tex
(C:/Users/Νίκος/AppData/Local/Programs/MiKTeX/tex/generic/pgf/libraries/de
corations/pgflibrarydecorations.pathmorphing.code.tex))
(C:/Users/Νίκος/AppData/Local/Programs/MiKTeX/tex/generic/pgf/frontendlaye
r/tikz/libraries/tikzlibrarydecorations.pathreplacing.code.tex
(C:/Users/Νίκος/AppData/Local/Programs/MiKTeX/tex/generic/pgf/libraries/de
corations/pgflibrarydecorations.pathreplacing.code.tex))
(C:/Users/Νίκος/AppData/Local/Programs/MiKTeX/tex/generic/pgfplots/libs/ti
kzlibrarypgfplots.contourlua.code.tex)
\pgfplots@numplots=\count366
\pgfplots@xmin@reg=\dimen335
\pgfplots@xmax@reg=\dimen336
\pgfplots@ymin@reg=\dimen337
\pgfplots@ymax@reg=\dimen338
\pgfplots@zmin@reg=\dimen339
\pgfplots@zmax@reg=\dimen340
)
(C:/Users/Νίκος/AppData/Local/Programs/MiKTeX/tex/generic/pgf/frontendlaye
r/tikz/libraries/tikzlibraryplotmarks.code.tex
File: tikzlibraryplotmarks.code.tex 2023-01-15 v3.1.10 (3.1.10)

(C:/Users/Νίκος/AppData/Local/Programs/MiKTeX/tex/generic/pgf/libraries/pg
flibraryplotmarks.code.tex
File: pgflibraryplotmarks.code.tex 2023-01-15 v3.1.10 (3.1.10)
)))
(C:/Users/Νίκος/AppData/Local/Programs/MiKTeX/tex/latex/wrapfig/wrapfig.st
y
\wrapoverhang=\dimen341
\WF@size=\dimen342
\c@WF@wrappedlines=\count367
\WF@box=\box91
\WF@everypar=\toks52
Package: wrapfig 2003/01/31  v 3.6
)
(C:/Users/Νίκος/AppData/Local/Programs/MiKTeX/tex/latex/biblatex/biblatex.
sty
Package: biblatex 2023/03/05 v3.19 programmable bibliographies (PK/MW)

(C:/Users/Νίκος/AppData/Local/Programs/MiKTeX/tex/latex/logreq/logreq.sty
Package: logreq 2010/08/04 v1.0 xml request logger
\lrq@indent=\count368

(C:/Users/Νίκος/AppData/Local/Programs/MiKTeX/tex/latex/logreq/logreq.def
File: logreq.def 2010/08/04 v1.0 logreq spec v1.0
)) (C:/Users/Νίκος/AppData/Local/Programs/MiKTeX/tex/latex/base/ifthen.sty
Package: ifthen 2022/04/13 v1.1d Standard LaTeX ifthen package (DPC)
)
\c@tabx@nest=\count369
\c@listtotal=\count370
\c@listcount=\count371
\c@liststart=\count372
\c@liststop=\count373
\c@citecount=\count374
\c@citetotal=\count375
\c@multicitecount=\count376
\c@multicitetotal=\count377
\c@instcount=\count378
\c@maxnames=\count379
\c@minnames=\count380
\c@maxitems=\count381
\c@minitems=\count382
\c@citecounter=\count383
\c@maxcitecounter=\count384
\c@savedcitecounter=\count385
\c@uniquelist=\count386
\c@uniquename=\count387
\c@refsection=\count388
\c@refsegment=\count389
\c@maxextratitle=\count390
\c@maxextratitleyear=\count391
\c@maxextraname=\count392
\c@maxextradate=\count393
\c@maxextraalpha=\count394
\c@abbrvpenalty=\count395
\c@highnamepenalty=\count396
\c@lownamepenalty=\count397
\c@maxparens=\count398
\c@parenlevel=\count399
\blx@tempcnta=\count400
\blx@tempcntb=\count401
\blx@tempcntc=\count402
\c@blx@maxsection=\count403
\blx@maxsegment@0=\count404
\blx@notetype=\count405
\blx@parenlevel@text=\count406
\blx@parenlevel@foot=\count407
\blx@sectionciteorder@0=\count408
\blx@sectionciteorderinternal@0=\count409
\blx@entrysetcounter=\count410
\blx@biblioinstance=\count411
\labelnumberwidth=\skip90
\labelalphawidth=\skip91
\biblabelsep=\skip92
\bibitemsep=\skip93
\bibnamesep=\skip94
\bibinitsep=\skip95
\bibparsep=\skip96
\bibhang=\skip97
\blx@bcfin=\read4
\blx@bcfout=\write4
\blx@langwohyphens=\language80
\c@mincomprange=\count412
\c@maxcomprange=\count413
\c@mincompwidth=\count414
Package biblatex Info: Trying to load biblatex default data model...
Package biblatex Info: ... file 'blx-dm.def' found.

(C:/Users/Νίκος/AppData/Local/Programs/MiKTeX/tex/latex/biblatex/blx-dm.de
f
File: blx-dm.def 2023/03/05 v3.19 biblatex localization (PK/MW)
)
Package biblatex Info: Trying to load biblatex custom data model...
Package biblatex Info: ... file 'biblatex-dm.cfg' not found.
\c@afterword=\count415
\c@savedafterword=\count416
\c@annotator=\count417
\c@savedannotator=\count418
\c@author=\count419
\c@savedauthor=\count420
\c@bookauthor=\count421
\c@savedbookauthor=\count422
\c@commentator=\count423
\c@savedcommentator=\count424
\c@editor=\count425
\c@savededitor=\count426
\c@editora=\count427
\c@savededitora=\count428
\c@editorb=\count429
\c@savededitorb=\count430
\c@editorc=\count431
\c@savededitorc=\count432
\c@foreword=\count433
\c@savedforeword=\count434
\c@holder=\count435
\c@savedholder=\count436
\c@introduction=\count437
\c@savedintroduction=\count438
\c@namea=\count439
\c@savednamea=\count440
\c@nameb=\count441
\c@savednameb=\count442
\c@namec=\count443
\c@savednamec=\count444
\c@translator=\count445
\c@savedtranslator=\count446
\c@shortauthor=\count447
\c@savedshortauthor=\count448
\c@shorteditor=\count449
\c@savedshorteditor=\count450
\c@labelname=\count451
\c@savedlabelname=\count452
\c@institution=\count453
\c@savedinstitution=\count454
\c@lista=\count455
\c@savedlista=\count456
\c@listb=\count457
\c@savedlistb=\count458
\c@listc=\count459
\c@savedlistc=\count460
\c@listd=\count461
\c@savedlistd=\count462
\c@liste=\count463
\c@savedliste=\count464
\c@listf=\count465
\c@savedlistf=\count466
\c@location=\count467
\c@savedlocation=\count468
\c@organization=\count469
\c@savedorganization=\count470
\c@origlocation=\count471
\c@savedoriglocation=\count472
\c@origpublisher=\count473
\c@savedorigpublisher=\count474
\c@publisher=\count475
\c@savedpublisher=\count476
\c@language=\count477
\c@savedlanguage=\count478
\c@origlanguage=\count479
\c@savedoriglanguage=\count480
\c@pageref=\count481
\c@savedpageref=\count482
\shorthandwidth=\skip98
\shortjournalwidth=\skip99
\shortserieswidth=\skip100
\shorttitlewidth=\skip101
\shortauthorwidth=\skip102
\shorteditorwidth=\skip103
\locallabelnumberwidth=\skip104
\locallabelalphawidth=\skip105
\localshorthandwidth=\skip106
\localshortjournalwidth=\skip107
\localshortserieswidth=\skip108
\localshorttitlewidth=\skip109
\localshortauthorwidth=\skip110
\localshorteditorwidth=\skip111
Package biblatex Info: Trying to load enhanced support for Unicode engines...
Package biblatex Info: ... file 'blx-unicode.def' found.

(C:/Users/Νίκος/AppData/Local/Programs/MiKTeX/tex/latex/biblatex/blx-unico
de.def)
Package biblatex Info: Trying to load compatibility code...
Package biblatex Info: ... file 'blx-compat.def' found.

(C:/Users/Νίκος/AppData/Local/Programs/MiKTeX/tex/latex/biblatex/blx-compa
t.def
File: blx-compat.def 2023/03/05 v3.19 biblatex compatibility (PK/MW)
)
Package biblatex Info: Trying to load generic definitions...
Package biblatex Info: ... file 'biblatex.def' found.

(C:/Users/Νίκος/AppData/Local/Programs/MiKTeX/tex/latex/biblatex/biblatex.
def
File: biblatex.def 2023/03/05 v3.19 biblatex compatibility (PK/MW)
\c@textcitecount=\count483
\c@textcitetotal=\count484
\c@textcitemaxnames=\count485
\c@biburlbigbreakpenalty=\count486
\c@biburlbreakpenalty=\count487
\c@biburlnumpenalty=\count488
\c@biburlucpenalty=\count489
\c@biburllcpenalty=\count490
\biburlbigskip=\muskip22
\biburlnumskip=\muskip23
\biburlucskip=\muskip24
\biburllcskip=\muskip25
\c@smartand=\count491
)
Package biblatex Info: Trying to load bibliography style 'numeric'...
Package biblatex Info: ... file 'numeric.bbx' found.

(C:/Users/Νίκος/AppData/Local/Programs/MiKTeX/tex/latex/biblatex/bbx/numer
ic.bbx
File: numeric.bbx 2023/03/05 v3.19 biblatex bibliography style (PK/MW)
Package biblatex Info: Trying to load bibliography style 'standard'...
Package biblatex Info: ... file 'standard.bbx' found.

(C:/Users/Νίκος/AppData/Local/Programs/MiKTeX/tex/latex/biblatex/bbx/stand
ard.bbx
File: standard.bbx 2023/03/05 v3.19 biblatex bibliography style (PK/MW)
\c@bbx:relatedcount=\count492
\c@bbx:relatedtotal=\count493
))
Package biblatex Info: Trying to load citation style 'numeric'...
Package biblatex Info: ... file 'numeric.cbx' found.

(C:/Users/Νίκος/AppData/Local/Programs/MiKTeX/tex/latex/biblatex/cbx/numer
ic.cbx
File: numeric.cbx 2023/03/05 v3.19 biblatex citation style (PK/MW)
Package biblatex Info: Redefining '\cite'.
Package biblatex Info: Redefining '\parencite'.
Package biblatex Info: Redefining '\footcite'.
Package biblatex Info: Redefining '\footcitetext'.
Package biblatex Info: Redefining '\smartcite'.
Package biblatex Info: Redefining '\supercite'.
Package biblatex Info: Redefining '\textcite'.
Package biblatex Info: Redefining '\textcites'.
Package biblatex Info: Redefining '\cites'.
Package biblatex Info: Redefining '\parencites'.
Package biblatex Info: Redefining '\smartcites'.
)
Package biblatex Info: Trying to load configuration file...
Package biblatex Info: ... file 'biblatex.cfg' found.

(C:/Users/Νίκος/AppData/Local/Programs/MiKTeX/tex/latex/biblatex/biblatex.
cfg
File: biblatex.cfg 
)
Package biblatex Info: LuaTeX detected.
(biblatex)             Assuming input encoding 'utf8'.
Package biblatex Info: Document encoding is UTF8 ....
Package biblatex Info: ... and expl3
(biblatex)             2023-08-29 L3 programming layer (loader) 
(biblatex)             is new enough (at least 2020/04/06),
(biblatex)             setting 'casechanger=expl3'.

(C:/Users/Νίκος/AppData/Local/Programs/MiKTeX/tex/latex/biblatex/blx-case-
expl3.sty
Package: blx-case-expl3 2023/03/05 v3.19 expl3 case changing code for biblatex
))
luaotfload | db : Reload initiated (formats: otf,ttf,ttc); reason: Font "GFSDido
t" not found.
luaotfload | aux : font no 67 (nil) does not define feature smcp for script latn
 with language dflt
luaotfload | aux : font no 68 (nil) does not define feature smcp for script latn
 with language dflt
luaotfload | aux : font no 69 (nil) does not define feature smcp for script latn
 with language dflt

Package fontspec Info: Font family 'GFSDidot(0)' created for font 'GFS Didot'
(fontspec)             with options [].
(fontspec)              
(fontspec)              This font family consists of the following NFSS
(fontspec)             series/shapes:
(fontspec)              
(fontspec)             - 'normal' (m/n) with NFSS spec.:
(fontspec)             <->"GFSDidot:mode=node;script=latn;language=dflt;"
(fontspec)             - 'small caps'  (m/sc) with NFSS spec.:
(fontspec)             <->"GFSDidot:mode=node;script=latn;language=dflt;+smcp;"

(fontspec)             - 'bold' (b/n) with NFSS spec.:
(fontspec)             <->"GFSDidot/B:mode=node;script=latn;language=dflt;"
(fontspec)             - 'bold small caps'  (b/sc) with NFSS spec.: 
(fontspec)             - 'italic' (m/it) with NFSS spec.:
(fontspec)             <->"GFSDidot/I:mode=node;script=latn;language=dflt;"
(fontspec)             - 'italic small caps'  (m/scit) with NFSS spec.: 
(fontspec)             - 'bold italic' (b/it) with NFSS spec.:
(fontspec)             <->"GFSDidot/BI:mode=node;script=latn;language=dflt;"
(fontspec)             - 'bold italic small caps'  (b/scit) with NFSS spec.: 

Package newfloat Info: New float `circuitfig' with options `name={Κύκλωμ
α}' on input line 44.
\c@circuitfig=\count494
Package newfloat Info: float type `circuitfig'=4 on input line 44.
\c@locircuitfigdepth=\count495
Package newfloat Info: New float `chart' with options `name={Διάγραμμ
α}' on input line 45.
\c@chart=\count496
Package newfloat Info: float type `chart'=8 on input line 45.
\c@lochartdepth=\count497


Package fancyhdr Warning: \fancyfoot's `E' option without twoside option is use
less.
(fancyhdr)                Please consider using the `twoside' option on input l
ine 95.


Package fancyhdr Warning: \fancyfoot's `E' option without twoside option is use
less.
(fancyhdr)                Please consider using the `twoside' option on input l
ine 95.

)

Package biblatex Warning: 'babel/polyglossia' detected but 'csquotes' missing.
(biblatex)                Loading 'csquotes' recommended.

\@quotelevel=\count498
\@quotereset=\count499
No file main.aux.

\openout1 = main.aux
LaTeX Font Info:    Checking defaults for OML/cmm/m/it on input line 9.
LaTeX Font Info:    ... okay on input line 9.
LaTeX Font Info:    Checking defaults for OMS/cmsy/m/n on input line 9.
LaTeX Font Info:    ... okay on input line 9.
LaTeX Font Info:    Checking defaults for OT1/cmr/m/n on input line 9.
LaTeX Font Info:    ... okay on input line 9.
LaTeX Font Info:    Checking defaults for T1/cmr/m/n on input line 9.
LaTeX Font Info:    ... okay on input line 9.
LaTeX Font Info:    Checking defaults for TS1/cmr/m/n on input line 9.
LaTeX Font Info:    ... okay on input line 9.
LaTeX Font Info:    Checking defaults for TU/lmr/m/n on input line 9.
LaTeX Font Info:    ... okay on input line 9.
LaTeX Font Info:    Checking defaults for OMX/cmex/m/n on input line 9.
LaTeX Font Info:    ... okay on input line 9.
LaTeX Font Info:    Checking defaults for U/cmr/m/n on input line 9.
LaTeX Font Info:    ... okay on input line 9.
LaTeX Font Info:    Checking defaults for LGR/cmr/m/n on input line 9.
LaTeX Font Info:    Trying to load font information for LGR+cmr on input line 9
.

(C:/Users/Νίκος/AppData/Local/Programs/MiKTeX/tex/latex/cbfonts-fd/lgrcmr.
fd
File: lgrcmr.fd 2017/07/29 v1.2 Greek European Computer Regular
)
LaTeX Font Info:    ... okay on input line 9.
LaTeX Font Info:    Checking defaults for PD1/pdf/m/n on input line 9.
LaTeX Font Info:    ... okay on input line 9.
LaTeX Font Info:    Checking defaults for PU/pdf/m/n on input line 9.
LaTeX Font Info:    ... okay on input line 9.

*geometry* driver: auto-detecting
*geometry* detected driver: luatex
*geometry* verbose mode - [ preamble ] result:
* driver: luatex
* paper: a4paper
* layout: <same size as paper>
* layoutoffset:(h,v)=(0.0pt,0.0pt)
* modes: includehead includefoot 
* h-part:(L,W,R)=(85.35826pt, 426.79134pt, 85.35828pt)
* v-part:(T,H,B)=(22.76228pt, 771.06952pt, 51.21504pt)
* \paperwidth=597.50787pt
* \paperheight=845.04684pt
* \textwidth=426.79134pt
* \textheight=704.06952pt
* \oddsidemargin=13.08827pt
* \evensidemargin=13.08827pt
* \topmargin=-49.5077pt
* \headheight=14.5pt
* \headsep=25.0pt
* \topskip=10.0pt
* \footskip=30.0pt
* \marginparwidth=57.0pt
* \marginparsep=11.0pt
* \columnsep=10.0pt
* \skip\footins=9.0pt plus 4.0pt minus 2.0pt
* \hoffset=0.0pt
* \voffset=0.0pt
* \mag=1000
* \@twocolumnfalse
* \@twosidefalse
* \@mparswitchfalse
* \@reversemarginfalse
* (1in=72.27pt=25.4mm, 1cm=28.453pt)


(C:/Users/Νίκος/AppData/Local/Programs/MiKTeX/tex/context/base/mkii/supp-p
df.mkii
[Loading MPS to PDF converter (version 2006.09.02).]
\scratchcounter=\count500
\scratchdimen=\dimen343
\scratchbox=\box92
\nofMPsegments=\count501
\nofMParguments=\count502
\everyMPshowfont=\toks53
\MPscratchCnt=\count503
\MPscratchDim=\dimen344
\MPnumerator=\count504
\makeMPintoPDFobject=\count505
\everyMPtoPDFconversion=\toks54
)
(C:/Users/Νίκος/AppData/Local/Programs/MiKTeX/tex/latex/epstopdf-pkg/epsto
pdf-base.sty
Package: epstopdf-base 2020-01-24 v2.11 Base part for package epstopdf
Package epstopdf-base Info: Redefining graphics rule for `.eps' on input line 4
85.

(C:/Users/Νίκος/AppData/Local/Programs/MiKTeX/tex/latex/00miktex/epstopdf-
sys.cfg
File: epstopdf-sys.cfg 2021/03/18 v2.0 Configuration of epstopdf for MiKTeX
))
Package translations Info: no dictionary file `translations-basic-dictionary-gr
eek.trsl' found. on input line 9.

(C:/Users/Νίκος/AppData/Local/Programs/MiKTeX/tex/latex/translations/dicts
/translations-basic-dictionary-english.trsl
File: translations-basic-dictionary-english.trsl (english translation file `tra
nslations-basic-dictionary')
)
Package translations Info: loading dictionary `translations-basic-dictionary' f
or `english'. on input line 9.
Package newfloat Info: `float' package detected.
Package newfloat Info: `wrapfig' package detected.
Package caption Info: Begin \AtBeginDocument code.
Package caption Info: hyperref package is loaded.
Package caption Info: hypcap package is loaded.
Package caption Info: wrapfig package is loaded.
Package caption Info: End \AtBeginDocument code.

(C:/Users/Νίκος/AppData/Local/Programs/MiKTeX/tex/generic/hyph-utf8/loadhy
ph/loadhyph-el-monoton.tex
UTF-8 Hyphenation patterns for uni-accent (monotonic) Modern Greek
(C:/Users/Νίκος/AppData/Local/Programs/MiKTeX/tex/generic/hyph-utf8/patter
ns/tex/hyph-el-monoton.tex))
LaTeX Font Info:    Overwriting math alphabet `\mathsf' in version `normal'
(Font)                  OT1/cmss/m/n --> TU/lmss/m/n on input line 9.
LaTeX Font Info:    Overwriting math alphabet `\mathsf' in version `bold'
(Font)                  OT1/cmss/bx/n --> TU/lmss/b/n on input line 9.
LaTeX Font Info:    Overwriting math alphabet `\mathtt' in version `normal'
(Font)                  OT1/cmtt/m/n --> TU/lmtt/m/n on input line 9.
LaTeX Font Info:    Overwriting math alphabet `\mathtt' in version `bold'
(Font)                  OT1/cmtt/m/n --> TU/lmtt/b/n on input line 9.


Package unicode-math Warning: Using \overbracket and \underbracket from
(unicode-math)                `mathtools' package.
(unicode-math)                 
(unicode-math)                 Use \Uoverbracket and \Uunderbracket for
(unicode-math)                original `unicode-math' definition.


Package unicode-math Warning: I'm going to overwrite the following commands
(unicode-math)                from the `mathtools' package: 
(unicode-math)                 
(unicode-math)                     \dblcolon, \coloneqq, \Coloneqq, \eqqcolon.
(unicode-math)                
(unicode-math)                 
(unicode-math)                 Note that since I won't overwrite the other
(unicode-math)                colon-like commands, using them will lead to
(unicode-math)                inconsistencies.

Package hyperref Info: Link coloring OFF on input line 9.
\@outlinefile=\write5

\openout5 = main.out

Package pgfplots Warning: running in backwards compatibility mode (unsuitable t
ick labels; missing features). Consider writing \pgfplotsset{compat=1.18} into 
your preamble.
 on input line 9.

Package biblatex Info: Trying to load language 'greek'...
Package biblatex Info: ... file 'greek.lbx' found.

(C:/Users/Νίκος/AppData/Local/Programs/MiKTeX/tex/latex/biblatex/lbx/greek
.lbx
File: greek.lbx 2023/03/05 v3.19 biblatex localization (PK/MW)
)
Package biblatex Info: Trying to load language 'english'...
Package biblatex Info: ... file 'english.lbx' found.

(C:/Users/Νίκος/AppData/Local/Programs/MiKTeX/tex/latex/biblatex/lbx/engli
sh.lbx
File: english.lbx 2023/03/05 v3.19 biblatex localization (PK/MW)
)
Package biblatex Info: LuaTeX detected.
(biblatex)             Assuming input encoding 'utf8'.
Package biblatex Info: Data encoding 'utf8' specified.
(biblatex)             No need to reencode data.

\openout4 = main.bcf
Package biblatex Info: Trying to load bibliographic data...
Package biblatex Info: ... file 'main.bbl' not found.

No file main.bbl.
Package biblatex Info: Reference section=0 on input line 9.
Package biblatex Info: Reference segment=0 on input line 9.
(./titlepage.tex

LaTeX Font Warning: Font shape `TU/GFSNeohellenic(0)/b/sc' undefined
(Font)              using `TU/GFSNeohellenic(0)/b/n' instead on input line 15.


Package hyperref Warning: Glyph not defined in PD1 encoding,
(hyperref)                removing `\greekscript' on input line 32.


Package hyperref Warning: Glyph not defined in PD1 encoding,
(hyperref)                removing `\textalpha' on input line 32.


Package hyperref Warning: Glyph not defined in PD1 encoding,
(hyperref)                removing `\textnumeralsigngreek' on input line 32.

[1

{C:/Users/Νίκος/AppData/Local/MiKTeX/fonts/map/pdftex/pdftex.map}])
No file main.toc.
\tf@toc=\write6

\openout6 = main.toc

Package fancyhdr Warning: \fancyfoot's `E' option without twoside option is use
less.
(fancyhdr)                Please consider using the `twoside' option on input l
ine 16.

[1

]
Άσκηση 1.
(./ask01.tex
warning  (file circuits/micro3_lab1.pdf) (pdf inclusion): PDF inclusion: found P
DF version '1.6', but at most version '1.5' allowed
<circuits/micro3_lab1.pdf, id=24, 398.33818pt x 99.58464pt>
File: circuits/micro3_lab1.pdf Graphic file (type pdf)
<use circuits/micro3_lab1.pdf>
Package luatex.def Info: circuits/micro3_lab1.pdf  used on input line 3.
(luatex.def)             Requested size: 398.33858pt x 99.59045pt.
Package hyperref Info: bookmark level for unknown circuitfig defaults to 0 on i
nput line 4.

LaTeX Warning: Reference `circ:1_schematic' on page 1 undefined on input line 1
0.


Package hyperref Warning: Token not allowed in a PDF string (Unicode):
(hyperref)                removing `math shift' on input line 13.


Package hyperref Warning: Token not allowed in a PDF string (Unicode):
(hyperref)                removing `\chfnt' on input line 13.


Package hyperref Warning: Token not allowed in a PDF string (Unicode):
(hyperref)                removing `math shift' on input line 13.


Package hyperref Warning: Token not allowed in a PDF string (Unicode):
(hyperref)                removing `math shift' on input line 15.


Package hyperref Warning: Token not allowed in a PDF string (Unicode):
(hyperref)                removing `\chfnt' on input line 15.


Package hyperref Warning: Token not allowed in a PDF string (Unicode):
(hyperref)                removing `math shift' on input line 15.

(./ask_01_sections/q1.tex (./charts/astable_multivibrator_char.tex)

LaTeX Warning: Reference `circ:1_schematic' on page 1 undefined on input line 3
.

LaTeX Font Info:    Font shape `TU/GFSNeohellenic(0)/m/sl' in size <10> not ava
ilable
(Font)              Font shape `TU/GFSNeohellenic(0)/m/it' tried instead on inp
ut line 3.

LaTeX Warning: Citation 'malvino' on page 1 undefined on input line 6.


LaTeX Warning: Citation 'sedra' on page 1 undefined on input line 6.


LaTeX Warning: Citation 'malvino' on page 1 undefined on input line 6.


LaTeX Warning: Citation 'sedra' on page 1 undefined on input line 6.


LaTeX Warning: Citation 'sedra' on page 1 undefined on input line 8.


Package fancyhdr Warning: \fancyfoot's `E' option without twoside option is use
less.
(fancyhdr)                Please consider using the `twoside' option on input l
ine 8.

[1

<./circuits/micro3_lab1.pdf>]

LaTeX Warning: Reference `eq:1_vout_integrator' on page 2 undefined on input li
ne 16.


LaTeX Warning: Reference `eq:1_vout_integrator' on page 2 undefined on input li
ne 20.


LaTeX Warning: Reference `eq:ask1_vout' on page 2 undefined on input line 36.


LaTeX Warning: Citation 'sedra' on page 2 undefined on input line 38.


LaTeX Warning: Citation 'malvino' on page 2 undefined on input line 38.

)

Package hyperref Warning: Token not allowed in a PDF string (Unicode):
(hyperref)                removing `math shift' on input line 24.


Package hyperref Warning: Token not allowed in a PDF string (Unicode):
(hyperref)                removing `\chfnt' on input line 24.


Package hyperref Warning: Token not allowed in a PDF string (Unicode):
(hyperref)                removing `math shift' on input line 24.


Package hyperref Warning: Token not allowed in a PDF string (Unicode):
(hyperref)                removing `math shift' on input line 26.


Package hyperref Warning: Token not allowed in a PDF string (Unicode):
(hyperref)                removing `\chfnt' on input line 26.


Package hyperref Warning: Token not allowed in a PDF string (Unicode):
(hyperref)                removing `math shift' on input line 26.


Package hyperref Warning: Token not allowed in a PDF string (Unicode):
(hyperref)                removing `math shift' on input line 26.


Package hyperref Warning: Token not allowed in a PDF string (Unicode):
(hyperref)                removing `subscript' on input line 26.


Package hyperref Warning: Token not allowed in a PDF string (Unicode):
(hyperref)                removing `math shift' on input line 26.


Package hyperref Warning: Token not allowed in a PDF string (Unicode):
(hyperref)                removing `math shift' on input line 26.


Package hyperref Warning: Token not allowed in a PDF string (Unicode):
(hyperref)                removing `subscript' on input line 26.


Package hyperref Warning: Token not allowed in a PDF string (Unicode):
(hyperref)                removing `math shift' on input line 26.


Package hyperref Warning: Token not allowed in a PDF string (Unicode):
(hyperref)                removing `math shift' on input line 26.


Package hyperref Warning: Token not allowed in a PDF string (Unicode):
(hyperref)                removing `subscript' on input line 26.


Package hyperref Warning: Token not allowed in a PDF string (Unicode):
(hyperref)                removing `\mathrm' on input line 26.


Package hyperref Warning: Token not allowed in a PDF string (Unicode):
(hyperref)                removing `math shift' on input line 26.


LaTeX Warning: Reference `circ:1_schematic' on page 2 undefined on input line 2
7.


LaTeX Warning: Reference `plot:1_lab_voltages' on page 2 undefined on input lin
e 27.

(./oscilloscope/osc01.tex)
Package hyperref Info: bookmark level for unknown chart defaults to 0 on input 
line 32.
 [2]) [3]
Άσκηση 2.
(./ask02.tex
<circuits/micro3_lab2.pdf, id=85, 398.33818pt x 264.61058pt>
File: circuits/micro3_lab2.pdf Graphic file (type pdf)
<use circuits/micro3_lab2.pdf>
Package luatex.def Info: circuits/micro3_lab2.pdf  used on input line 3.
(luatex.def)             Requested size: 398.33858pt x 264.62607pt.


Package hyperref Warning: Token not allowed in a PDF string (Unicode):
(hyperref)                removing `math shift' on input line 9.


Package hyperref Warning: Token not allowed in a PDF string (Unicode):
(hyperref)                removing `\chfnt' on input line 9.


Package hyperref Warning: Token not allowed in a PDF string (Unicode):
(hyperref)                removing `math shift' on input line 9.


Package hyperref Warning: Token not allowed in a PDF string (Unicode):
(hyperref)                removing `math shift' on input line 11.


Package hyperref Warning: Token not allowed in a PDF string (Unicode):
(hyperref)                removing `\chfnt' on input line 11.


Package hyperref Warning: Token not allowed in a PDF string (Unicode):
(hyperref)                removing `math shift' on input line 11.

(./ask_02_sections/q1.tex

Package fancyhdr Warning: \fancyfoot's `E' option without twoside option is use
less.
(fancyhdr)                Please consider using the `twoside' option on input l
ine 9.

[4

<./circuits/micro3_lab2.pdf>])

Package hyperref Warning: Token not allowed in a PDF string (Unicode):
(hyperref)                removing `math shift' on input line 14.


Package hyperref Warning: Token not allowed in a PDF string (Unicode):
(hyperref)                removing `\chfnt' on input line 14.


Package hyperref Warning: Token not allowed in a PDF string (Unicode):
(hyperref)                removing `math shift' on input line 14.

(./ask_02_sections/q2.tex

LaTeX Warning: Citation 'artofelectronics' on page 5 undefined on input line 2.



LaTeX Warning: Citation 'artofelectronics' on page 5 undefined on input line 3.



LaTeX Warning: Citation 'sedra' on page 5 undefined on input line 3.


LaTeX Warning: Citation 'scherz' on page 5 undefined on input line 3.


LaTeX Warning: Citation 'scherz' on page 5 undefined on input line 4.


LaTeX Warning: Citation 'artofelectronics' on page 5 undefined on input line 4.



LaTeX Warning: Citation 'artofelectronics' on page 5 undefined on input line 5.



LaTeX Warning: Citation 'sedra' on page 5 undefined on input line 5.


LaTeX Warning: Citation 'scherz' on page 5 undefined on input line 5.


LaTeX Warning: Citation 'sedra' on page 5 undefined on input line 11.


LaTeX Warning: Citation 'sedra' on page 5 undefined on input line 11.


LaTeX Warning: Citation 'sedra' on page 5 undefined on input line 17.


LaTeX Warning: Citation 'jaeger' on page 5 undefined on input line 17.

[5]

LaTeX Warning: Citation 'sedra' on page 6 undefined on input line 18.


LaTeX Warning: Citation 'sedra' on page 6 undefined on input line 23.


LaTeX Warning: Reference `eq:ask2:B:inverting:high' on page 6 undefined on inpu
t line 24.


LaTeX Warning: Reference `eq:ask2:B:inverting:low' on page 6 undefined on input
 line 29.


LaTeX Warning: Reference `eq:ask2:vout:vc' on page 6 undefined on input line 63
.


LaTeX Warning: Reference `eq:ask2:vc:int' on page 6 undefined on input line 63.



LaTeX Warning: Reference `eq:ask2:integrator:vout:v1' on page 6 undefined on in
put line 68.

[6])

Package hyperref Warning: Token not allowed in a PDF string (Unicode):
(hyperref)                removing `math shift' on input line 17.


Package hyperref Warning: Token not allowed in a PDF string (Unicode):
(hyperref)                removing `\chfnt' on input line 17.


Package hyperref Warning: Token not allowed in a PDF string (Unicode):
(hyperref)                removing `math shift' on input line 17.


Package hyperref Warning: Token not allowed in a PDF string (Unicode):
(hyperref)                removing `math shift' on input line 19.


Package hyperref Warning: Token not allowed in a PDF string (Unicode):
(hyperref)                removing `\chfnt' on input line 19.


Package hyperref Warning: Token not allowed in a PDF string (Unicode):
(hyperref)                removing `math shift' on input line 19.


Package hyperref Warning: Token not allowed in a PDF string (Unicode):
(hyperref)                removing `math shift' on input line 19.


Package hyperref Warning: Token not allowed in a PDF string (Unicode):
(hyperref)                removing `subscript' on input line 19.


Package hyperref Warning: Token not allowed in a PDF string (Unicode):
(hyperref)                removing `math shift' on input line 19.


Package hyperref Warning: Token not allowed in a PDF string (Unicode):
(hyperref)                removing `math shift' on input line 19.


Package hyperref Warning: Token not allowed in a PDF string (Unicode):
(hyperref)                removing `subscript' on input line 19.


Package hyperref Warning: Token not allowed in a PDF string (Unicode):
(hyperref)                removing `math shift' on input line 19.


Package hyperref Warning: Token not allowed in a PDF string (Unicode):
(hyperref)                removing `math shift' on input line 19.


Package hyperref Warning: Token not allowed in a PDF string (Unicode):
(hyperref)                removing `subscript' on input line 19.


Package hyperref Warning: Token not allowed in a PDF string (Unicode):
(hyperref)                removing `math shift' on input line 19.


LaTeX Warning: Reference `circ:2_schematic' on page 7 undefined on input line 2
0.


LaTeX Warning: Reference `plot:2.2_lab_voltages' on page 7 undefined on input l
ine 20.

(./oscilloscope/osc02_a.tex) [7]

LaTeX Warning: Reference `plot:2.2b_lab_voltages' on page 8 undefined on input 
line 30.

(./oscilloscope/osc02_a_ii.tex))

LaTeX Warning: Empty bibliography on input line 25.

[8] (./main.aux)
 ***********
LaTeX2e <2023-06-01> patch level 1
L3 programming layer <2023-08-29>
 ***********


LaTeX Font Warning: Some font shapes were not available, defaults substituted.


LaTeX Warning: There were undefined references.


LaTeX Warning: Label(s) may have changed. Rerun to get cross-references right.


Package rerunfilecheck Warning: File `main.out' has changed.
(rerunfilecheck)                Rerun to get outlines right
(rerunfilecheck)                or use package `bookmark'.

Package rerunfilecheck Info: Checksums for `main.out':
(rerunfilecheck)             Before: <no file>
(rerunfilecheck)             After:  B37281096BABF2F7BBF2FCF5599DF336;3634.

Package biblatex Warning: Please (re)run Biber on the file:
(biblatex)                main
(biblatex)                and rerun LaTeX afterwards.

Package logreq Info: Writing requests to 'main.run.xml'.

\openout1 = main.run.xml
)

Here is how much of LuaTeX's memory you used:
 57984 strings out of 477259
 156336,2848258 words of node,token memory allocated
 886 words of node memory still in use:
   6 hlist, 2 vlist, 2 rule, 3 glue, 4 kern, 1 glyph, 91 attribute, 80 glue_spec
, 47 attribute_list, 2 write nodes
   avail lists: 1:1,2:11623,3:5193,4:204,5:366,6:48,7:8442,8:74,9:1354,10:59,11:
940
 77961 multiletter control sequences out of 65536+600000
 200 fonts using 36535951 bytes
 89i,20n,88p,1475b,2378s stack positions out of 10000i,1000n,20000p,200000b,200000s
<C:/Users/Νίκος/AppData/Local/Programs/MiKTeX/fonts/opentype/public/gfsdido
t/GFSDidot.otf><C:/Users/Νίκος/AppData/Local/Programs/MiKTeX/fonts/opentype
/public/concmath-otf/Concrete-Math.otf><C:/Users/Νίκος/AppData/Local/Progra
ms/MiKTeX/fonts/opentype/public/gfsneohellenic/gfsneohellenicit.otf><C:/Users/
Νίκος/AppData/Local/Programs/MiKTeX/fonts/opentype/public/gfsneohellenic/GF
SNeohellenic.otf><C:/Users/Νίκος/AppData/Local/Programs/MiKTeX/fonts/openty
pe/public/concmath-otf/Concrete-Math.otf><C:/Users/Νίκος/AppData/Local/Prog
rams/MiKTeX/fonts/opentype/public/concmath-otf/Concrete-Math.otf><//?/c:/users/
Νίκος/appdata/local/programs/miktex/fonts/opentype/public/lm/lmmono10-regul
ar.otf><C:/Users/Νίκος/AppData/Local/Programs/MiKTeX/fonts/opentype/public/
gfsneohellenic/gfsneohellenicbold.otf><C:/Users/Νίκος/AppData/Local/Program
s/MiKTeX/fonts/opentype/public/gfsdidot/gfsdidotbold.otf><C:/Users/Νίκος/Ap
pData/Local/Programs/MiKTeX/fonts/opentype/public/gfsneohellenic/GFSNeohellenic.
otf>
Output written on main.pdf (10 pages, 486653 bytes).

PDF statistics: 225 PDF objects out of 1000 (max. 8388607)
 42 named destinations out of 1000 (max. 131072)
 16 words of extra memory for PDF output out of 10000 (max. 100000000)

